{"/Users/ian/Projects/spin/src/config.ts": {"path":"/Users/ian/Projects/spin/src/config.ts","statementMap":{"0":{"start":{"line":3,"column":29},"end":{"line":3,"column":34}}},"fnMap":{},"branchMap":{},"s":{"0":1},"f":{},"b":{},"_coverageSchema":"1a1c01bbd47fc00a2c39e90264f33305004495a9","hash":"aaf062a700920dafcbd61a7a60dde8b1a053550a"}
,"/Users/ian/Projects/spin/src/ble/FtmsBikeSource.ts": {"path":"/Users/ian/Projects/spin/src/ble/FtmsBikeSource.ts","statementMap":{"0":{"start":{"line":8,"column":19},"end":{"line":8,"column":74}},"1":{"start":{"line":8,"column":36},"end":{"line":8,"column":74}},"2":{"start":{"line":9,"column":19},"end":{"line":9,"column":77}},"3":{"start":{"line":9,"column":40},"end":{"line":9,"column":77}},"4":{"start":{"line":10,"column":13},"end":{"line":10,"column":74}},"5":{"start":{"line":10,"column":32},"end":{"line":10,"column":74}},"6":{"start":{"line":16,"column":23},"end":{"line":16,"column":35}},"7":{"start":{"line":17,"column":20},"end":{"line":17,"column":32}},"8":{"start":{"line":20,"column":17},"end":{"line":20,"column":35}},"9":{"start":{"line":21,"column":16},"end":{"line":21,"column":32}},"10":{"start":{"line":22,"column":34},"end":{"line":22,"column":38}},"11":{"start":{"line":23,"column":29},"end":{"line":23,"column":35}},"12":{"start":{"line":24,"column":20},"end":{"line":24,"column":55}},"13":{"start":{"line":25,"column":21},"end":{"line":25,"column":54}},"14":{"start":{"line":26,"column":43},"end":{"line":26,"column":47}},"15":{"start":{"line":28,"column":29},"end":{"line":28,"column":33}},"16":{"start":{"line":31,"column":25},"end":{"line":31,"column":30}},"17":{"start":{"line":34,"column":32},"end":{"line":34,"column":53}},"18":{"start":{"line":36,"column":15},"end":{"line":36,"column":33}},"19":{"start":{"line":37,"column":30},"end":{"line":37,"column":45}},"20":{"start":{"line":37,"column":46},"end":{"line":37,"column":81}},"21":{"start":{"line":37,"column":74},"end":{"line":37,"column":79}},"22":{"start":{"line":38,"column":41},"end":{"line":38,"column":62}},"23":{"start":{"line":38,"column":63},"end":{"line":38,"column":100}},"24":{"start":{"line":38,"column":76},"end":{"line":38,"column":99}},"25":{"start":{"line":39,"column":40},"end":{"line":39,"column":62}},"26":{"start":{"line":39,"column":63},"end":{"line":39,"column":101}},"27":{"start":{"line":39,"column":76},"end":{"line":39,"column":100}},"28":{"start":{"line":41,"column":4},"end":{"line":41,"column":63}},"29":{"start":{"line":42,"column":4},"end":{"line":42,"column":48}},"30":{"start":{"line":42,"column":31},"end":{"line":42,"column":46}},"31":{"start":{"line":46,"column":4},"end":{"line":46,"column":25}},"32":{"start":{"line":47,"column":4},"end":{"line":50,"column":7}},"33":{"start":{"line":48,"column":6},"end":{"line":48,"column":30}},"34":{"start":{"line":48,"column":23},"end":{"line":48,"column":30}},"35":{"start":{"line":49,"column":6},"end":{"line":49,"column":96}},"36":{"start":{"line":51,"column":4},"end":{"line":51,"column":43}},"37":{"start":{"line":51,"column":17},"end":{"line":51,"column":42}},"38":{"start":{"line":55,"column":4},"end":{"line":55,"column":27}},"39":{"start":{"line":56,"column":4},"end":{"line":56,"column":26}},"40":{"start":{"line":57,"column":15},"end":{"line":57,"column":22}},"41":{"start":{"line":58,"column":4},"end":{"line":116,"column":5}},"42":{"start":{"line":59,"column":6},"end":{"line":59,"column":32}},"43":{"start":{"line":60,"column":6},"end":{"line":60,"column":31}},"44":{"start":{"line":61,"column":18},"end":{"line":61,"column":78}},"45":{"start":{"line":62,"column":6},"end":{"line":62,"column":32}},"46":{"start":{"line":63,"column":6},"end":{"line":63,"column":56}},"47":{"start":{"line":64,"column":6},"end":{"line":64,"column":24}},"48":{"start":{"line":66,"column":6},"end":{"line":66,"column":30}},"49":{"start":{"line":67,"column":6},"end":{"line":71,"column":57}},"50":{"start":{"line":68,"column":8},"end":{"line":69,"column":73}},"51":{"start":{"line":70,"column":8},"end":{"line":70,"column":46}},"52":{"start":{"line":71,"column":16},"end":{"line":71,"column":55}},"53":{"start":{"line":72,"column":6},"end":{"line":72,"column":23}},"54":{"start":{"line":76,"column":6},"end":{"line":87,"column":11}},"55":{"start":{"line":78,"column":10},"end":{"line":78,"column":40}},"56":{"start":{"line":78,"column":33},"end":{"line":78,"column":40}},"57":{"start":{"line":79,"column":20},"end":{"line":79,"column":61}},"58":{"start":{"line":80,"column":46},"end":{"line":80,"column":48}},"59":{"start":{"line":81,"column":10},"end":{"line":81,"column":68}},"60":{"start":{"line":81,"column":40},"end":{"line":81,"column":68}},"61":{"start":{"line":82,"column":10},"end":{"line":82,"column":74}},"62":{"start":{"line":82,"column":42},"end":{"line":82,"column":74}},"63":{"start":{"line":83,"column":10},"end":{"line":83,"column":68}},"64":{"start":{"line":83,"column":40},"end":{"line":83,"column":68}},"65":{"start":{"line":85,"column":10},"end":{"line":85,"column":89}},"66":{"start":{"line":85,"column":39},"end":{"line":85,"column":64}},"67":{"start":{"line":85,"column":65},"end":{"line":85,"column":87}},"68":{"start":{"line":86,"column":10},"end":{"line":86,"column":27}},"69":{"start":{"line":89,"column":6},"end":{"line":99,"column":9}},"70":{"start":{"line":90,"column":8},"end":{"line":90,"column":38}},"71":{"start":{"line":90,"column":31},"end":{"line":90,"column":38}},"72":{"start":{"line":91,"column":22},"end":{"line":91,"column":42}},"73":{"start":{"line":94,"column":8},"end":{"line":98,"column":9}},"74":{"start":{"line":95,"column":46},"end":{"line":95,"column":89}},"75":{"start":{"line":96,"column":10},"end":{"line":96,"column":75}},"76":{"start":{"line":96,"column":34},"end":{"line":96,"column":75}},"77":{"start":{"line":97,"column":10},"end":{"line":97,"column":27}},"78":{"start":{"line":100,"column":6},"end":{"line":100,"column":49}},"79":{"start":{"line":100,"column":31},"end":{"line":100,"column":47}},"80":{"start":{"line":101,"column":6},"end":{"line":101,"column":28}},"81":{"start":{"line":105,"column":20},"end":{"line":112,"column":23}},"82":{"start":{"line":113,"column":6},"end":{"line":113,"column":39}},"83":{"start":{"line":114,"column":6},"end":{"line":114,"column":24}},"84":{"start":{"line":115,"column":6},"end":{"line":115,"column":38}},"85":{"start":{"line":120,"column":4},"end":{"line":120,"column":29}},"86":{"start":{"line":120,"column":30},"end":{"line":120,"column":52}},"87":{"start":{"line":121,"column":4},"end":{"line":121,"column":91}},"88":{"start":{"line":121,"column":21},"end":{"line":121,"column":91}},"89":{"start":{"line":122,"column":4},"end":{"line":122,"column":23}},"90":{"start":{"line":122,"column":24},"end":{"line":122,"column":41}},"91":{"start":{"line":126,"column":4},"end":{"line":126,"column":59}},"92":{"start":{"line":126,"column":52},"end":{"line":126,"column":59}},"93":{"start":{"line":127,"column":4},"end":{"line":128,"column":79}}},"fnMap":{"0":{"name":"(anonymous_0)","decl":{"start":{"line":8,"column":19},"end":{"line":8,"column":20}},"loc":{"start":{"line":8,"column":36},"end":{"line":8,"column":74}},"line":8},"1":{"name":"(anonymous_1)","decl":{"start":{"line":9,"column":19},"end":{"line":9,"column":20}},"loc":{"start":{"line":9,"column":40},"end":{"line":9,"column":77}},"line":9},"2":{"name":"(anonymous_2)","decl":{"start":{"line":10,"column":13},"end":{"line":10,"column":14}},"loc":{"start":{"line":10,"column":32},"end":{"line":10,"column":74}},"line":10},"3":{"name":"(anonymous_3)","decl":{"start":{"line":36,"column":2},"end":{"line":36,"column":3}},"loc":{"start":{"line":36,"column":13},"end":{"line":36,"column":35}},"line":36},"4":{"name":"(anonymous_4)","decl":{"start":{"line":37,"column":2},"end":{"line":37,"column":3}},"loc":{"start":{"line":37,"column":28},"end":{"line":37,"column":83}},"line":37},"5":{"name":"(anonymous_5)","decl":{"start":{"line":37,"column":68},"end":{"line":37,"column":69}},"loc":{"start":{"line":37,"column":74},"end":{"line":37,"column":79}},"line":37},"6":{"name":"(anonymous_6)","decl":{"start":{"line":38,"column":2},"end":{"line":38,"column":3}},"loc":{"start":{"line":38,"column":39},"end":{"line":38,"column":102}},"line":38},"7":{"name":"(anonymous_7)","decl":{"start":{"line":38,"column":70},"end":{"line":38,"column":71}},"loc":{"start":{"line":38,"column":76},"end":{"line":38,"column":99}},"line":38},"8":{"name":"(anonymous_8)","decl":{"start":{"line":39,"column":2},"end":{"line":39,"column":3}},"loc":{"start":{"line":39,"column":38},"end":{"line":39,"column":103}},"line":39},"9":{"name":"(anonymous_9)","decl":{"start":{"line":39,"column":70},"end":{"line":39,"column":71}},"loc":{"start":{"line":39,"column":76},"end":{"line":39,"column":100}},"line":39},"10":{"name":"(anonymous_10)","decl":{"start":{"line":40,"column":2},"end":{"line":40,"column":3}},"loc":{"start":{"line":40,"column":44},"end":{"line":43,"column":3}},"line":40},"11":{"name":"(anonymous_11)","decl":{"start":{"line":42,"column":25},"end":{"line":42,"column":26}},"loc":{"start":{"line":42,"column":31},"end":{"line":42,"column":46}},"line":42},"12":{"name":"(anonymous_12)","decl":{"start":{"line":45,"column":2},"end":{"line":45,"column":3}},"loc":{"start":{"line":45,"column":61},"end":{"line":52,"column":3}},"line":45},"13":{"name":"(anonymous_13)","decl":{"start":{"line":47,"column":51},"end":{"line":47,"column":52}},"loc":{"start":{"line":47,"column":65},"end":{"line":50,"column":5}},"line":47},"14":{"name":"(anonymous_14)","decl":{"start":{"line":51,"column":11},"end":{"line":51,"column":12}},"loc":{"start":{"line":51,"column":17},"end":{"line":51,"column":42}},"line":51},"15":{"name":"(anonymous_15)","decl":{"start":{"line":54,"column":2},"end":{"line":54,"column":3}},"loc":{"start":{"line":54,"column":34},"end":{"line":117,"column":3}},"line":54},"16":{"name":"(anonymous_16)","decl":{"start":{"line":77,"column":43},"end":{"line":77,"column":44}},"loc":{"start":{"line":77,"column":56},"end":{"line":87,"column":9}},"line":77},"17":{"name":"(anonymous_17)","decl":{"start":{"line":89,"column":71},"end":{"line":89,"column":72}},"loc":{"start":{"line":89,"column":84},"end":{"line":99,"column":7}},"line":89},"18":{"name":"(anonymous_18)","decl":{"start":{"line":100,"column":25},"end":{"line":100,"column":26}},"loc":{"start":{"line":100,"column":31},"end":{"line":100,"column":47}},"line":100},"19":{"name":"(anonymous_19)","decl":{"start":{"line":119,"column":2},"end":{"line":119,"column":3}},"loc":{"start":{"line":119,"column":21},"end":{"line":123,"column":3}},"line":119},"20":{"name":"(anonymous_20)","decl":{"start":{"line":121,"column":81},"end":{"line":121,"column":82}},"loc":{"start":{"line":121,"column":87},"end":{"line":121,"column":89}},"line":121},"21":{"name":"(anonymous_21)","decl":{"start":{"line":125,"column":2},"end":{"line":125,"column":3}},"loc":{"start":{"line":125,"column":37},"end":{"line":129,"column":3}},"line":125}},"branchMap":{"0":{"loc":{"start":{"line":48,"column":6},"end":{"line":48,"column":30}},"type":"if","locations":[{"start":{"line":48,"column":6},"end":{"line":48,"column":30}},{"start":{},"end":{}}],"line":48},"1":{"loc":{"start":{"line":48,"column":10},"end":{"line":48,"column":21}},"type":"binary-expr","locations":[{"start":{"line":48,"column":10},"end":{"line":48,"column":13}},{"start":{"line":48,"column":17},"end":{"line":48,"column":21}}],"line":48},"2":{"loc":{"start":{"line":49,"column":35},"end":{"line":49,"column":76}},"type":"binary-expr","locations":[{"start":{"line":49,"column":35},"end":{"line":49,"column":43}},{"start":{"line":49,"column":47},"end":{"line":49,"column":60}},{"start":{"line":49,"column":64},"end":{"line":49,"column":76}}],"line":49},"3":{"loc":{"start":{"line":78,"column":10},"end":{"line":78,"column":40}},"type":"if","locations":[{"start":{"line":78,"column":10},"end":{"line":78,"column":40}},{"start":{},"end":{}}],"line":78},"4":{"loc":{"start":{"line":78,"column":14},"end":{"line":78,"column":31}},"type":"binary-expr","locations":[{"start":{"line":78,"column":14},"end":{"line":78,"column":17}},{"start":{"line":78,"column":21},"end":{"line":78,"column":31}}],"line":78},"5":{"loc":{"start":{"line":81,"column":10},"end":{"line":81,"column":68}},"type":"if","locations":[{"start":{"line":81,"column":10},"end":{"line":81,"column":68}},{"start":{},"end":{}}],"line":81},"6":{"loc":{"start":{"line":82,"column":10},"end":{"line":82,"column":74}},"type":"if","locations":[{"start":{"line":82,"column":10},"end":{"line":82,"column":74}},{"start":{},"end":{}}],"line":82},"7":{"loc":{"start":{"line":83,"column":10},"end":{"line":83,"column":68}},"type":"if","locations":[{"start":{"line":83,"column":10},"end":{"line":83,"column":68}},{"start":{},"end":{}}],"line":83},"8":{"loc":{"start":{"line":85,"column":10},"end":{"line":85,"column":89}},"type":"if","locations":[{"start":{"line":85,"column":10},"end":{"line":85,"column":89}},{"start":{},"end":{}}],"line":85},"9":{"loc":{"start":{"line":90,"column":8},"end":{"line":90,"column":38}},"type":"if","locations":[{"start":{"line":90,"column":8},"end":{"line":90,"column":38}},{"start":{},"end":{}}],"line":90},"10":{"loc":{"start":{"line":90,"column":12},"end":{"line":90,"column":29}},"type":"binary-expr","locations":[{"start":{"line":90,"column":12},"end":{"line":90,"column":15}},{"start":{"line":90,"column":19},"end":{"line":90,"column":29}}],"line":90},"11":{"loc":{"start":{"line":94,"column":8},"end":{"line":98,"column":9}},"type":"if","locations":[{"start":{"line":94,"column":8},"end":{"line":98,"column":9}},{"start":{},"end":{}}],"line":94},"12":{"loc":{"start":{"line":96,"column":10},"end":{"line":96,"column":75}},"type":"if","locations":[{"start":{"line":96,"column":10},"end":{"line":96,"column":75}},{"start":{},"end":{}}],"line":96},"13":{"loc":{"start":{"line":108,"column":8},"end":{"line":108,"column":41}},"type":"binary-expr","locations":[{"start":{"line":108,"column":8},"end":{"line":108,"column":17}},{"start":{"line":108,"column":21},"end":{"line":108,"column":41}}],"line":108},"14":{"loc":{"start":{"line":109,"column":8},"end":{"line":109,"column":53}},"type":"binary-expr","locations":[{"start":{"line":109,"column":8},"end":{"line":109,"column":28}},{"start":{"line":109,"column":32},"end":{"line":109,"column":53}}],"line":109},"15":{"loc":{"start":{"line":110,"column":8},"end":{"line":110,"column":58}},"type":"binary-expr","locations":[{"start":{"line":110,"column":8},"end":{"line":110,"column":31}},{"start":{"line":110,"column":35},"end":{"line":110,"column":58}}],"line":110},"16":{"loc":{"start":{"line":111,"column":8},"end":{"line":111,"column":58}},"type":"binary-expr","locations":[{"start":{"line":111,"column":8},"end":{"line":111,"column":31}},{"start":{"line":111,"column":35},"end":{"line":111,"column":58}}],"line":111},"17":{"loc":{"start":{"line":121,"column":4},"end":{"line":121,"column":91}},"type":"if","locations":[{"start":{"line":121,"column":4},"end":{"line":121,"column":91}},{"start":{},"end":{}}],"line":121},"18":{"loc":{"start":{"line":126,"column":4},"end":{"line":126,"column":59}},"type":"if","locations":[{"start":{"line":126,"column":4},"end":{"line":126,"column":59}},{"start":{},"end":{}}],"line":126},"19":{"loc":{"start":{"line":126,"column":8},"end":{"line":126,"column":50}},"type":"binary-expr","locations":[{"start":{"line":126,"column":8},"end":{"line":126,"column":20}},{"start":{"line":126,"column":24},"end":{"line":126,"column":50}}],"line":126}},"s":{"0":1,"1":2,"2":1,"3":5,"4":1,"5":2,"6":1,"7":1,"8":6,"9":6,"10":6,"11":6,"12":6,"13":6,"14":6,"15":6,"16":6,"17":6,"18":6,"19":13,"20":13,"21":3,"22":1,"23":1,"24":0,"25":1,"26":1,"27":1,"28":2,"29":2,"30":2,"31":1,"32":1,"33":3,"34":1,"35":2,"36":1,"37":1,"38":5,"39":5,"40":5,"41":5,"42":5,"43":5,"44":5,"45":4,"46":4,"47":4,"48":4,"49":4,"50":4,"51":3,"52":1,"53":4,"54":4,"55":2,"56":1,"57":1,"58":1,"59":1,"60":1,"61":1,"62":1,"63":1,"64":1,"65":1,"66":1,"67":1,"68":1,"69":4,"70":2,"71":1,"72":1,"73":1,"74":1,"75":1,"76":1,"77":1,"78":4,"79":1,"80":4,"81":1,"82":1,"83":1,"84":1,"85":1,"86":1,"87":1,"88":1,"89":1,"90":1,"91":2,"92":1,"93":1},"f":{"0":2,"1":5,"2":2,"3":6,"4":13,"5":3,"6":1,"7":0,"8":1,"9":1,"10":2,"11":2,"12":1,"13":3,"14":1,"15":5,"16":2,"17":2,"18":1,"19":1,"20":0,"21":2},"b":{"0":[1,2],"1":[3,2],"2":[2,1,1],"3":[1,1],"4":[2,1],"5":[1,0],"6":[1,0],"7":[1,0],"8":[1,0],"9":[1,1],"10":[2,2],"11":[1,0],"12":[1,0],"13":[1,1],"14":[1,1],"15":[1,1],"16":[1,1],"17":[1,0],"18":[1,1],"19":[2,2]},"_coverageSchema":"1a1c01bbd47fc00a2c39e90264f33305004495a9","hash":"4c3a2bcf5cc2171948e26c1883b59c0ac47bb53c"}
,"/Users/ian/Projects/spin/src/ble/SimulatedBikeSource.ts": {"path":"/Users/ian/Projects/spin/src/ble/SimulatedBikeSource.ts","statementMap":{"0":{"start":{"line":4,"column":26},"end":{"line":4,"column":43}},"1":{"start":{"line":5,"column":29},"end":{"line":5,"column":35}},"2":{"start":{"line":6,"column":16},"end":{"line":6,"column":18}},"3":{"start":{"line":6,"column":37},"end":{"line":6,"column":39}},"4":{"start":{"line":6,"column":55},"end":{"line":6,"column":56}},"5":{"start":{"line":7,"column":20},"end":{"line":7,"column":55}},"6":{"start":{"line":8,"column":21},"end":{"line":8,"column":54}},"7":{"start":{"line":9,"column":23},"end":{"line":9,"column":27}},"8":{"start":{"line":10,"column":19},"end":{"line":10,"column":62}},"9":{"start":{"line":12,"column":15},"end":{"line":12,"column":33}},"10":{"start":{"line":13,"column":30},"end":{"line":13,"column":45}},"11":{"start":{"line":13,"column":46},"end":{"line":13,"column":81}},"12":{"start":{"line":13,"column":74},"end":{"line":13,"column":79}},"13":{"start":{"line":16,"column":4},"end":{"line":16,"column":25}},"14":{"start":{"line":17,"column":14},"end":{"line":17,"column":94}},"15":{"start":{"line":17,"column":31},"end":{"line":17,"column":89}},"16":{"start":{"line":18,"column":4},"end":{"line":18,"column":33}},"17":{"start":{"line":18,"column":17},"end":{"line":18,"column":32}},"18":{"start":{"line":21,"column":4},"end":{"line":21,"column":27}},"19":{"start":{"line":21,"column":28},"end":{"line":21,"column":50}},"20":{"start":{"line":22,"column":4},"end":{"line":22,"column":61}},"21":{"start":{"line":22,"column":35},"end":{"line":22,"column":46}},"22":{"start":{"line":24,"column":23},"end":{"line":24,"column":65}},"23":{"start":{"line":24,"column":39},"end":{"line":24,"column":65}},"24":{"start":{"line":24,"column":66},"end":{"line":24,"column":84}},"25":{"start":{"line":24,"column":85},"end":{"line":24,"column":102}},"26":{"start":{"line":25,"column":41},"end":{"line":25,"column":62}},"27":{"start":{"line":25,"column":63},"end":{"line":25,"column":100}},"28":{"start":{"line":25,"column":76},"end":{"line":25,"column":99}},"29":{"start":{"line":26,"column":40},"end":{"line":26,"column":62}},"30":{"start":{"line":26,"column":63},"end":{"line":26,"column":101}},"31":{"start":{"line":26,"column":76},"end":{"line":26,"column":100}},"32":{"start":{"line":27,"column":39},"end":{"line":27,"column":83}},"33":{"start":{"line":28,"column":27},"end":{"line":28,"column":45}},"34":{"start":{"line":31,"column":4},"end":{"line":31,"column":73}},"35":{"start":{"line":32,"column":4},"end":{"line":32,"column":53}},"36":{"start":{"line":33,"column":4},"end":{"line":33,"column":96}},"37":{"start":{"line":33,"column":31},"end":{"line":33,"column":94}}},"fnMap":{"0":{"name":"(anonymous_0)","decl":{"start":{"line":12,"column":2},"end":{"line":12,"column":3}},"loc":{"start":{"line":12,"column":13},"end":{"line":12,"column":35}},"line":12},"1":{"name":"(anonymous_1)","decl":{"start":{"line":13,"column":2},"end":{"line":13,"column":3}},"loc":{"start":{"line":13,"column":28},"end":{"line":13,"column":83}},"line":13},"2":{"name":"(anonymous_2)","decl":{"start":{"line":13,"column":68},"end":{"line":13,"column":69}},"loc":{"start":{"line":13,"column":74},"end":{"line":13,"column":79}},"line":13},"3":{"name":"(anonymous_3)","decl":{"start":{"line":15,"column":2},"end":{"line":15,"column":3}},"loc":{"start":{"line":15,"column":61},"end":{"line":19,"column":3}},"line":15},"4":{"name":"(anonymous_4)","decl":{"start":{"line":17,"column":25},"end":{"line":17,"column":26}},"loc":{"start":{"line":17,"column":31},"end":{"line":17,"column":89}},"line":17},"5":{"name":"(anonymous_5)","decl":{"start":{"line":18,"column":11},"end":{"line":18,"column":12}},"loc":{"start":{"line":18,"column":17},"end":{"line":18,"column":32}},"line":18},"6":{"name":"(anonymous_6)","decl":{"start":{"line":20,"column":2},"end":{"line":20,"column":3}},"loc":{"start":{"line":20,"column":29},"end":{"line":23,"column":3}},"line":20},"7":{"name":"(anonymous_7)","decl":{"start":{"line":22,"column":29},"end":{"line":22,"column":30}},"loc":{"start":{"line":22,"column":35},"end":{"line":22,"column":46}},"line":22},"8":{"name":"(anonymous_8)","decl":{"start":{"line":24,"column":2},"end":{"line":24,"column":3}},"loc":{"start":{"line":24,"column":21},"end":{"line":24,"column":104}},"line":24},"9":{"name":"(anonymous_9)","decl":{"start":{"line":25,"column":2},"end":{"line":25,"column":3}},"loc":{"start":{"line":25,"column":39},"end":{"line":25,"column":102}},"line":25},"10":{"name":"(anonymous_10)","decl":{"start":{"line":25,"column":70},"end":{"line":25,"column":71}},"loc":{"start":{"line":25,"column":76},"end":{"line":25,"column":99}},"line":25},"11":{"name":"(anonymous_11)","decl":{"start":{"line":26,"column":2},"end":{"line":26,"column":3}},"loc":{"start":{"line":26,"column":38},"end":{"line":26,"column":103}},"line":26},"12":{"name":"(anonymous_12)","decl":{"start":{"line":26,"column":70},"end":{"line":26,"column":71}},"loc":{"start":{"line":26,"column":76},"end":{"line":26,"column":100}},"line":26},"13":{"name":"(anonymous_13)","decl":{"start":{"line":27,"column":2},"end":{"line":27,"column":3}},"loc":{"start":{"line":27,"column":37},"end":{"line":27,"column":85}},"line":27},"14":{"name":"(anonymous_14)","decl":{"start":{"line":28,"column":2},"end":{"line":28,"column":3}},"loc":{"start":{"line":28,"column":25},"end":{"line":28,"column":47}},"line":28},"15":{"name":"(anonymous_15)","decl":{"start":{"line":30,"column":2},"end":{"line":30,"column":3}},"loc":{"start":{"line":30,"column":17},"end":{"line":34,"column":3}},"line":30},"16":{"name":"(anonymous_16)","decl":{"start":{"line":33,"column":25},"end":{"line":33,"column":26}},"loc":{"start":{"line":33,"column":31},"end":{"line":33,"column":94}},"line":33}},"branchMap":{"0":{"loc":{"start":{"line":10,"column":19},"end":{"line":10,"column":62}},"type":"cond-expr","locations":[{"start":{"line":10,"column":53},"end":{"line":10,"column":55}},{"start":{"line":10,"column":58},"end":{"line":10,"column":62}}],"line":10},"1":{"loc":{"start":{"line":24,"column":23},"end":{"line":24,"column":65}},"type":"if","locations":[{"start":{"line":24,"column":23},"end":{"line":24,"column":65}},{"start":{},"end":{}}],"line":24}},"s":{"0":20,"1":20,"2":20,"3":20,"4":20,"5":20,"6":20,"7":20,"8":20,"9":1,"10":30,"11":30,"12":9,"13":2,"14":2,"15":2,"16":2,"17":1,"18":9,"19":9,"20":9,"21":76,"22":10,"23":9,"24":10,"25":10,"26":7,"27":7,"28":6,"29":7,"30":7,"31":0,"32":3,"33":3,"34":76,"35":76,"36":76,"37":75},"f":{"0":1,"1":30,"2":9,"3":2,"4":2,"5":1,"6":9,"7":76,"8":10,"9":7,"10":6,"11":7,"12":0,"13":3,"14":3,"15":76,"16":75},"b":{"0":[20,0],"1":[9,1]},"_coverageSchema":"1a1c01bbd47fc00a2c39e90264f33305004495a9","hash":"eaf0e8438000413402c996fc3dfae09c4a0eb44d"}
,"/Users/ian/Projects/spin/src/ble/constants.ts": {"path":"/Users/ian/Projects/spin/src/ble/constants.ts","statementMap":{"0":{"start":{"line":1,"column":20},"end":{"line":5,"column":10}},"1":{"start":{"line":6,"column":19},"end":{"line":9,"column":10}},"2":{"start":{"line":10,"column":25},"end":{"line":10,"column":85}}},"fnMap":{},"branchMap":{},"s":{"0":2,"1":2,"2":2},"f":{},"b":{},"_coverageSchema":"1a1c01bbd47fc00a2c39e90264f33305004495a9","hash":"90d6fb9a3b028008004146069340a79fcfd1e603"}
,"/Users/ian/Projects/spin/src/ble/ftmsControl.ts": {"path":"/Users/ian/Projects/spin/src/ble/ftmsControl.ts","statementMap":{"0":{"start":{"line":2,"column":30},"end":{"line":2,"column":72}},"1":{"start":{"line":2,"column":46},"end":{"line":2,"column":72}},"2":{"start":{"line":3,"column":35},"end":{"line":4,"column":79}},"3":{"start":{"line":4,"column":2},"end":{"line":4,"column":79}}},"fnMap":{"0":{"name":"(anonymous_0)","decl":{"start":{"line":2,"column":30},"end":{"line":2,"column":31}},"loc":{"start":{"line":2,"column":46},"end":{"line":2,"column":72}},"line":2},"1":{"name":"(anonymous_1)","decl":{"start":{"line":3,"column":35},"end":{"line":3,"column":36}},"loc":{"start":{"line":4,"column":2},"end":{"line":4,"column":79}},"line":4}},"branchMap":{},"s":{"0":2,"1":5,"2":2,"3":4},"f":{"0":5,"1":4},"b":{},"_coverageSchema":"1a1c01bbd47fc00a2c39e90264f33305004495a9","hash":"6642ed0807a0113afdd294b635e7b2d60d30a042"}
,"/Users/ian/Projects/spin/src/ble/ftmsParser.ts": {"path":"/Users/ian/Projects/spin/src/ble/ftmsParser.ts","statementMap":{"0":{"start":{"line":4,"column":12},"end":{"line":4,"column":29}},"1":{"start":{"line":5,"column":14},"end":{"line":5,"column":51}},"2":{"start":{"line":5,"column":29},"end":{"line":5,"column":51}},"3":{"start":{"line":6,"column":14},"end":{"line":6,"column":87}},"4":{"start":{"line":6,"column":41},"end":{"line":6,"column":47}},"5":{"start":{"line":6,"column":49},"end":{"line":6,"column":85}},"6":{"start":{"line":7,"column":14},"end":{"line":7,"column":70}},"7":{"start":{"line":7,"column":29},"end":{"line":7,"column":70}},"8":{"start":{"line":9,"column":16},"end":{"line":9,"column":22}},"9":{"start":{"line":10,"column":10},"end":{"line":10,"column":11}},"10":{"start":{"line":11,"column":25},"end":{"line":11,"column":55}},"11":{"start":{"line":14,"column":2},"end":{"line":14,"column":70}},"12":{"start":{"line":14,"column":34},"end":{"line":14,"column":60}},"13":{"start":{"line":14,"column":61},"end":{"line":14,"column":68}},"14":{"start":{"line":16,"column":2},"end":{"line":16,"column":35}},"15":{"start":{"line":16,"column":26},"end":{"line":16,"column":33}},"16":{"start":{"line":18,"column":2},"end":{"line":18,"column":59}},"17":{"start":{"line":18,"column":26},"end":{"line":18,"column":49}},"18":{"start":{"line":18,"column":50},"end":{"line":18,"column":57}},"19":{"start":{"line":20,"column":2},"end":{"line":20,"column":35}},"20":{"start":{"line":20,"column":26},"end":{"line":20,"column":33}},"21":{"start":{"line":22,"column":2},"end":{"line":22,"column":65}},"22":{"start":{"line":22,"column":26},"end":{"line":22,"column":55}},"23":{"start":{"line":22,"column":56},"end":{"line":22,"column":63}},"24":{"start":{"line":24,"column":2},"end":{"line":24,"column":58}},"25":{"start":{"line":24,"column":26},"end":{"line":24,"column":48}},"26":{"start":{"line":24,"column":49},"end":{"line":24,"column":56}},"27":{"start":{"line":26,"column":2},"end":{"line":26,"column":53}},"28":{"start":{"line":26,"column":26},"end":{"line":26,"column":43}},"29":{"start":{"line":26,"column":44},"end":{"line":26,"column":51}},"30":{"start":{"line":28,"column":2},"end":{"line":28,"column":35}},"31":{"start":{"line":28,"column":26},"end":{"line":28,"column":33}},"32":{"start":{"line":30,"column":2},"end":{"line":30,"column":56}},"33":{"start":{"line":30,"column":26},"end":{"line":30,"column":46}},"34":{"start":{"line":30,"column":47},"end":{"line":30,"column":54}},"35":{"start":{"line":32,"column":2},"end":{"line":32,"column":11}}},"fnMap":{"0":{"name":"parseIndoorBikeData","decl":{"start":{"line":3,"column":16},"end":{"line":3,"column":35}},"loc":{"start":{"line":3,"column":79},"end":{"line":33,"column":1}},"line":3},"1":{"name":"(anonymous_1)","decl":{"start":{"line":5,"column":14},"end":{"line":5,"column":15}},"loc":{"start":{"line":5,"column":29},"end":{"line":5,"column":51}},"line":5},"2":{"name":"(anonymous_2)","decl":{"start":{"line":6,"column":14},"end":{"line":6,"column":15}},"loc":{"start":{"line":6,"column":29},"end":{"line":6,"column":87}},"line":6},"3":{"name":"(anonymous_3)","decl":{"start":{"line":7,"column":14},"end":{"line":7,"column":15}},"loc":{"start":{"line":7,"column":29},"end":{"line":7,"column":70}},"line":7}},"branchMap":{"0":{"loc":{"start":{"line":6,"column":56},"end":{"line":6,"column":84}},"type":"cond-expr","locations":[{"start":{"line":6,"column":69},"end":{"line":6,"column":80}},{"start":{"line":6,"column":83},"end":{"line":6,"column":84}}],"line":6},"1":{"loc":{"start":{"line":14,"column":2},"end":{"line":14,"column":70}},"type":"if","locations":[{"start":{"line":14,"column":2},"end":{"line":14,"column":70}},{"start":{},"end":{}}],"line":14},"2":{"loc":{"start":{"line":16,"column":2},"end":{"line":16,"column":35}},"type":"if","locations":[{"start":{"line":16,"column":2},"end":{"line":16,"column":35}},{"start":{},"end":{}}],"line":16},"3":{"loc":{"start":{"line":18,"column":2},"end":{"line":18,"column":59}},"type":"if","locations":[{"start":{"line":18,"column":2},"end":{"line":18,"column":59}},{"start":{},"end":{}}],"line":18},"4":{"loc":{"start":{"line":20,"column":2},"end":{"line":20,"column":35}},"type":"if","locations":[{"start":{"line":20,"column":2},"end":{"line":20,"column":35}},{"start":{},"end":{}}],"line":20},"5":{"loc":{"start":{"line":22,"column":2},"end":{"line":22,"column":65}},"type":"if","locations":[{"start":{"line":22,"column":2},"end":{"line":22,"column":65}},{"start":{},"end":{}}],"line":22},"6":{"loc":{"start":{"line":24,"column":2},"end":{"line":24,"column":58}},"type":"if","locations":[{"start":{"line":24,"column":2},"end":{"line":24,"column":58}},{"start":{},"end":{}}],"line":24},"7":{"loc":{"start":{"line":26,"column":2},"end":{"line":26,"column":53}},"type":"if","locations":[{"start":{"line":26,"column":2},"end":{"line":26,"column":53}},{"start":{},"end":{}}],"line":26},"8":{"loc":{"start":{"line":28,"column":2},"end":{"line":28,"column":35}},"type":"if","locations":[{"start":{"line":28,"column":2},"end":{"line":28,"column":35}},{"start":{},"end":{}}],"line":28},"9":{"loc":{"start":{"line":30,"column":2},"end":{"line":30,"column":56}},"type":"if","locations":[{"start":{"line":30,"column":2},"end":{"line":30,"column":56}},{"start":{},"end":{}}],"line":30}},"s":{"0":8,"1":8,"2":26,"3":8,"4":5,"5":5,"6":8,"7":2,"8":8,"9":8,"10":8,"11":8,"12":7,"13":7,"14":8,"15":1,"16":8,"17":4,"18":4,"19":8,"20":1,"21":8,"22":2,"23":2,"24":8,"25":2,"26":2,"27":8,"28":3,"29":3,"30":8,"31":1,"32":8,"33":2,"34":2,"35":8},"f":{"0":8,"1":26,"2":5,"3":2},"b":{"0":[2,3],"1":[7,1],"2":[1,7],"3":[4,4],"4":[1,7],"5":[2,6],"6":[2,6],"7":[3,5],"8":[1,7],"9":[2,6]},"_coverageSchema":"1a1c01bbd47fc00a2c39e90264f33305004495a9","hash":"ae381cb4689702350a97295235f5a080af4f8717"}
,"/Users/ian/Projects/spin/src/engine/formulas.ts": {"path":"/Users/ian/Projects/spin/src/engine/formulas.ts","statementMap":{"0":{"start":{"line":5,"column":16},"end":{"line":5,"column":18}},"1":{"start":{"line":6,"column":30},"end":{"line":6,"column":105}},"2":{"start":{"line":6,"column":60},"end":{"line":6,"column":105}},"3":{"start":{"line":7,"column":32},"end":{"line":8,"column":64}},"4":{"start":{"line":8,"column":2},"end":{"line":8,"column":64}},"5":{"start":{"line":9,"column":24},"end":{"line":9,"column":80}},"6":{"start":{"line":9,"column":51},"end":{"line":9,"column":79}},"7":{"start":{"line":10,"column":25},"end":{"line":10,"column":84}},"8":{"start":{"line":10,"column":53},"end":{"line":10,"column":83}},"9":{"start":{"line":11,"column":25},"end":{"line":11,"column":65}},"10":{"start":{"line":11,"column":40},"end":{"line":11,"column":64}},"11":{"start":{"line":12,"column":26},"end":{"line":12,"column":69}},"12":{"start":{"line":12,"column":41},"end":{"line":12,"column":68}}},"fnMap":{"0":{"name":"(anonymous_0)","decl":{"start":{"line":6,"column":30},"end":{"line":6,"column":31}},"loc":{"start":{"line":6,"column":60},"end":{"line":6,"column":105}},"line":6},"1":{"name":"(anonymous_1)","decl":{"start":{"line":7,"column":32},"end":{"line":7,"column":33}},"loc":{"start":{"line":8,"column":2},"end":{"line":8,"column":64}},"line":8},"2":{"name":"(anonymous_2)","decl":{"start":{"line":9,"column":24},"end":{"line":9,"column":25}},"loc":{"start":{"line":9,"column":51},"end":{"line":9,"column":79}},"line":9},"3":{"name":"(anonymous_3)","decl":{"start":{"line":10,"column":25},"end":{"line":10,"column":26}},"loc":{"start":{"line":10,"column":53},"end":{"line":10,"column":83}},"line":10},"4":{"name":"(anonymous_4)","decl":{"start":{"line":11,"column":25},"end":{"line":11,"column":26}},"loc":{"start":{"line":11,"column":40},"end":{"line":11,"column":64}},"line":11},"5":{"name":"(anonymous_5)","decl":{"start":{"line":12,"column":26},"end":{"line":12,"column":27}},"loc":{"start":{"line":12,"column":41},"end":{"line":12,"column":68}},"line":12}},"branchMap":{"0":{"loc":{"start":{"line":9,"column":51},"end":{"line":9,"column":79}},"type":"cond-expr","locations":[{"start":{"line":9,"column":64},"end":{"line":9,"column":74}},{"start":{"line":9,"column":77},"end":{"line":9,"column":79}}],"line":9},"1":{"loc":{"start":{"line":10,"column":53},"end":{"line":10,"column":83}},"type":"cond-expr","locations":[{"start":{"line":10,"column":66},"end":{"line":10,"column":77}},{"start":{"line":10,"column":80},"end":{"line":10,"column":83}}],"line":10},"2":{"loc":{"start":{"line":11,"column":40},"end":{"line":11,"column":64}},"type":"cond-expr","locations":[{"start":{"line":11,"column":53},"end":{"line":11,"column":57}},{"start":{"line":11,"column":60},"end":{"line":11,"column":64}}],"line":11},"3":{"loc":{"start":{"line":12,"column":41},"end":{"line":12,"column":68}},"type":"cond-expr","locations":[{"start":{"line":12,"column":54},"end":{"line":12,"column":59}},{"start":{"line":12,"column":62},"end":{"line":12,"column":68}}],"line":12}},"s":{"0":14,"1":14,"2":126,"3":14,"4":126,"5":14,"6":38,"7":14,"8":4,"9":14,"10":33,"11":14,"12":5},"f":{"0":126,"1":126,"2":38,"3":4,"4":33,"5":5},"b":{"0":[6,32],"1":[0,4],"2":[5,28],"3":[1,4]},"_coverageSchema":"1a1c01bbd47fc00a2c39e90264f33305004495a9","hash":"f8ec74dd805361dc2b6f55a166afb6905ec7e42b"}
,"/Users/ian/Projects/spin/src/engine/programs.ts": {"path":"/Users/ian/Projects/spin/src/engine/programs.ts","statementMap":{"0":{"start":{"line":4,"column":24},"end":{"line":4,"column":95}},"1":{"start":{"line":5,"column":0},"end":{"line":8,"column":1}},"2":{"start":{"line":5,"column":13},"end":{"line":5,"column":14}},"3":{"start":{"line":6,"column":2},"end":{"line":6,"column":90}},"4":{"start":{"line":7,"column":2},"end":{"line":7,"column":83}},"5":{"start":{"line":9,"column":0},"end":{"line":9,"column":83}},"6":{"start":{"line":11,"column":35},"end":{"line":25,"column":1}},"7":{"start":{"line":26,"column":24},"end":{"line":26,"column":77}},"8":{"start":{"line":26,"column":40},"end":{"line":26,"column":77}},"9":{"start":{"line":26,"column":64},"end":{"line":26,"column":73}},"10":{"start":{"line":27,"column":36},"end":{"line":31,"column":1}}},"fnMap":{"0":{"name":"(anonymous_0)","decl":{"start":{"line":26,"column":24},"end":{"line":26,"column":25}},"loc":{"start":{"line":26,"column":40},"end":{"line":26,"column":77}},"line":26},"1":{"name":"(anonymous_1)","decl":{"start":{"line":26,"column":54},"end":{"line":26,"column":55}},"loc":{"start":{"line":26,"column":64},"end":{"line":26,"column":73}},"line":26}},"branchMap":{},"s":{"0":15,"1":15,"2":15,"3":120,"4":120,"5":15,"6":15,"7":15,"8":4,"9":46,"10":15},"f":{"0":4,"1":46},"b":{},"_coverageSchema":"1a1c01bbd47fc00a2c39e90264f33305004495a9","hash":"88f6a108da39ed8de4935f24b8741f0349d91e27"}
,"/Users/ian/Projects/spin/src/engine/records.ts": {"path":"/Users/ian/Projects/spin/src/engine/records.ts","statementMap":{"0":{"start":{"line":13,"column":2},"end":{"line":13,"column":75}},"1":{"start":{"line":13,"column":42},"end":{"line":13,"column":57}},"2":{"start":{"line":13,"column":68},"end":{"line":13,"column":72}},"3":{"start":{"line":18,"column":2},"end":{"line":18,"column":44}},"4":{"start":{"line":25,"column":44},"end":{"line":25,"column":46}},"5":{"start":{"line":26,"column":2},"end":{"line":26,"column":84}},"6":{"start":{"line":26,"column":25},"end":{"line":26,"column":84}},"7":{"start":{"line":27,"column":2},"end":{"line":27,"column":72}},"8":{"start":{"line":27,"column":52},"end":{"line":27,"column":56}},"9":{"start":{"line":30,"column":16},"end":{"line":30,"column":36}},"10":{"start":{"line":39,"column":14},"end":{"line":39,"column":38}},"11":{"start":{"line":40,"column":14},"end":{"line":40,"column":27}},"12":{"start":{"line":41,"column":2},"end":{"line":47,"column":3}},"13":{"start":{"line":42,"column":14},"end":{"line":42,"column":54}},"14":{"start":{"line":43,"column":4},"end":{"line":43,"column":34}},"15":{"start":{"line":43,"column":25},"end":{"line":43,"column":34}},"16":{"start":{"line":44,"column":21},"end":{"line":44,"column":52}},"17":{"start":{"line":45,"column":4},"end":{"line":45,"column":52}},"18":{"start":{"line":45,"column":43},"end":{"line":45,"column":52}},"19":{"start":{"line":46,"column":4},"end":{"line":46,"column":38}},"20":{"start":{"line":48,"column":2},"end":{"line":48,"column":13}},"21":{"start":{"line":57,"column":2},"end":{"line":57,"column":27}},"22":{"start":{"line":57,"column":18},"end":{"line":57,"column":27}},"23":{"start":{"line":58,"column":16},"end":{"line":58,"column":54}},"24":{"start":{"line":59,"column":2},"end":{"line":59,"column":42}}},"fnMap":{"0":{"name":"bestKmForProgram","decl":{"start":{"line":12,"column":16},"end":{"line":12,"column":32}},"loc":{"start":{"line":12,"column":70},"end":{"line":14,"column":1}},"line":12},"1":{"name":"(anonymous_1)","decl":{"start":{"line":13,"column":37},"end":{"line":13,"column":38}},"loc":{"start":{"line":13,"column":42},"end":{"line":13,"column":57}},"line":13},"2":{"name":"(anonymous_2)","decl":{"start":{"line":13,"column":63},"end":{"line":13,"column":64}},"loc":{"start":{"line":13,"column":68},"end":{"line":13,"column":72}},"line":13},"3":{"name":"isProgramPB","decl":{"start":{"line":17,"column":16},"end":{"line":17,"column":27}},"loc":{"start":{"line":17,"column":78},"end":{"line":19,"column":1}},"line":17},"4":{"name":"records","decl":{"start":{"line":24,"column":16},"end":{"line":24,"column":23}},"loc":{"start":{"line":24,"column":48},"end":{"line":28,"column":1}},"line":24},"5":{"name":"(anonymous_5)","decl":{"start":{"line":27,"column":47},"end":{"line":27,"column":48}},"loc":{"start":{"line":27,"column":52},"end":{"line":27,"column":56}},"line":27},"6":{"name":"weeklyKm","decl":{"start":{"line":38,"column":16},"end":{"line":38,"column":24}},"loc":{"start":{"line":38,"column":85},"end":{"line":49,"column":1}},"line":38},"7":{"name":"ghostAheadKm","decl":{"start":{"line":56,"column":16},"end":{"line":56,"column":28}},"loc":{"start":{"line":56,"column":106},"end":{"line":60,"column":1}},"line":56}},"branchMap":{"0":{"loc":{"start":{"line":26,"column":54},"end":{"line":26,"column":76}},"type":"binary-expr","locations":[{"start":{"line":26,"column":54},"end":{"line":26,"column":71}},{"start":{"line":26,"column":75},"end":{"line":26,"column":76}}],"line":26},"1":{"loc":{"start":{"line":38,"column":40},"end":{"line":38,"column":49}},"type":"default-arg","locations":[{"start":{"line":38,"column":48},"end":{"line":38,"column":49}}],"line":38},"2":{"loc":{"start":{"line":38,"column":51},"end":{"line":38,"column":73}},"type":"default-arg","locations":[{"start":{"line":38,"column":63},"end":{"line":38,"column":73}}],"line":38},"3":{"loc":{"start":{"line":43,"column":4},"end":{"line":43,"column":34}},"type":"if","locations":[{"start":{"line":43,"column":4},"end":{"line":43,"column":34}},{"start":{},"end":{}}],"line":43},"4":{"loc":{"start":{"line":45,"column":4},"end":{"line":45,"column":52}},"type":"if","locations":[{"start":{"line":45,"column":4},"end":{"line":45,"column":52}},{"start":{},"end":{}}],"line":45},"5":{"loc":{"start":{"line":45,"column":8},"end":{"line":45,"column":41}},"type":"binary-expr","locations":[{"start":{"line":45,"column":8},"end":{"line":45,"column":20}},{"start":{"line":45,"column":24},"end":{"line":45,"column":41}}],"line":45},"6":{"loc":{"start":{"line":57,"column":2},"end":{"line":57,"column":27}},"type":"if","locations":[{"start":{"line":57,"column":2},"end":{"line":57,"column":27}},{"start":{},"end":{}}],"line":57}},"s":{"0":16,"1":34,"2":10,"3":3,"4":6,"5":6,"6":19,"7":6,"8":19,"9":14,"10":2,"11":2,"12":2,"13":7,"14":7,"15":0,"16":7,"17":7,"18":1,"19":6,"20":2,"21":5,"22":1,"23":4,"24":4},"f":{"0":16,"1":34,"2":10,"3":3,"4":6,"5":19,"6":2,"7":5},"b":{"0":[19,18],"1":[0],"2":[1],"3":[0,7],"4":[1,6],"5":[7,7],"6":[1,4]},"_coverageSchema":"1a1c01bbd47fc00a2c39e90264f33305004495a9","hash":"88d0cf83669a34ed83722639f6144b83b4d005fa"}
,"/Users/ian/Projects/spin/src/engine/rideEngine.ts": {"path":"/Users/ian/Projects/spin/src/engine/rideEngine.ts","statementMap":{"0":{"start":{"line":7,"column":2},"end":{"line":11,"column":4}},"1":{"start":{"line":13,"column":30},"end":{"line":13,"column":105}},"2":{"start":{"line":13,"column":62},"end":{"line":13,"column":105}},"3":{"start":{"line":14,"column":27},"end":{"line":14,"column":81}},"4":{"start":{"line":14,"column":53},"end":{"line":14,"column":80}},"5":{"start":{"line":17,"column":2},"end":{"line":17,"column":55}},"6":{"start":{"line":17,"column":16},"end":{"line":17,"column":55}},"7":{"start":{"line":18,"column":15},"end":{"line":18,"column":23}},"8":{"start":{"line":18,"column":38},"end":{"line":18,"column":54}},"9":{"start":{"line":18,"column":69},"end":{"line":18,"column":97}},"10":{"start":{"line":19,"column":2},"end":{"line":26,"column":3}},"11":{"start":{"line":20,"column":14},"end":{"line":20,"column":36}},"12":{"start":{"line":21,"column":4},"end":{"line":25,"column":5}},"13":{"start":{"line":22,"column":6},"end":{"line":22,"column":15}},"14":{"start":{"line":22,"column":16},"end":{"line":22,"column":31}},"15":{"start":{"line":23,"column":6},"end":{"line":23,"column":112}},"16":{"start":{"line":23,"column":43},"end":{"line":23,"column":112}},"17":{"start":{"line":24,"column":6},"end":{"line":24,"column":46}},"18":{"start":{"line":27,"column":18},"end":{"line":27,"column":27}},"19":{"start":{"line":28,"column":19},"end":{"line":28,"column":68}},"20":{"start":{"line":29,"column":2},"end":{"line":38,"column":4}},"21":{"start":{"line":47,"column":14},"end":{"line":47,"column":31}},"22":{"start":{"line":48,"column":2},"end":{"line":48,"column":49}},"23":{"start":{"line":48,"column":37},"end":{"line":48,"column":49}},"24":{"start":{"line":49,"column":17},"end":{"line":49,"column":30}},"25":{"start":{"line":50,"column":15},"end":{"line":50,"column":36}},"26":{"start":{"line":51,"column":2},"end":{"line":51,"column":72}},"27":{"start":{"line":51,"column":27},"end":{"line":51,"column":72}},"28":{"start":{"line":52,"column":2},"end":{"line":52,"column":68}},"29":{"start":{"line":55,"column":13},"end":{"line":55,"column":25}},"30":{"start":{"line":56,"column":15},"end":{"line":56,"column":55}},"31":{"start":{"line":59,"column":21},"end":{"line":59,"column":52}},"32":{"start":{"line":60,"column":13},"end":{"line":60,"column":28}},"33":{"start":{"line":61,"column":2},"end":{"line":62,"column":103}}},"fnMap":{"0":{"name":"startSession","decl":{"start":{"line":6,"column":16},"end":{"line":6,"column":28}},"loc":{"start":{"line":6,"column":63},"end":{"line":12,"column":1}},"line":6},"1":{"name":"(anonymous_1)","decl":{"start":{"line":13,"column":30},"end":{"line":13,"column":31}},"loc":{"start":{"line":13,"column":62},"end":{"line":13,"column":105}},"line":13},"2":{"name":"(anonymous_2)","decl":{"start":{"line":14,"column":27},"end":{"line":14,"column":28}},"loc":{"start":{"line":14,"column":53},"end":{"line":14,"column":80}},"line":14},"3":{"name":"tick","decl":{"start":{"line":16,"column":16},"end":{"line":16,"column":20}},"loc":{"start":{"line":16,"column":90},"end":{"line":39,"column":1}},"line":16},"4":{"name":"resistanceCue","decl":{"start":{"line":46,"column":16},"end":{"line":46,"column":29}},"loc":{"start":{"line":46,"column":64},"end":{"line":53,"column":1}},"line":46},"5":{"name":"buildSummary","decl":{"start":{"line":54,"column":16},"end":{"line":54,"column":28}},"loc":{"start":{"line":54,"column":67},"end":{"line":63,"column":1}},"line":54}},"branchMap":{"0":{"loc":{"start":{"line":9,"column":29},"end":{"line":9,"column":62}},"type":"cond-expr","locations":[{"start":{"line":9,"column":39},"end":{"line":9,"column":58}},{"start":{"line":9,"column":61},"end":{"line":9,"column":62}}],"line":9},"1":{"loc":{"start":{"line":13,"column":62},"end":{"line":13,"column":105}},"type":"cond-expr","locations":[{"start":{"line":13,"column":74},"end":{"line":13,"column":98}},{"start":{"line":13,"column":101},"end":{"line":13,"column":105}}],"line":13},"2":{"loc":{"start":{"line":17,"column":2},"end":{"line":17,"column":55}},"type":"if","locations":[{"start":{"line":17,"column":2},"end":{"line":17,"column":55}},{"start":{},"end":{}}],"line":17},"3":{"loc":{"start":{"line":18,"column":69},"end":{"line":18,"column":97}},"type":"binary-expr","locations":[{"start":{"line":18,"column":69},"end":{"line":18,"column":81}},{"start":{"line":18,"column":85},"end":{"line":18,"column":97}}],"line":18},"4":{"loc":{"start":{"line":19,"column":2},"end":{"line":26,"column":3}},"type":"if","locations":[{"start":{"line":19,"column":2},"end":{"line":26,"column":3}},{"start":{},"end":{}}],"line":19},"5":{"loc":{"start":{"line":21,"column":4},"end":{"line":25,"column":5}},"type":"if","locations":[{"start":{"line":21,"column":4},"end":{"line":25,"column":5}},{"start":{},"end":{}}],"line":21},"6":{"loc":{"start":{"line":23,"column":6},"end":{"line":23,"column":112}},"type":"if","locations":[{"start":{"line":23,"column":6},"end":{"line":23,"column":112}},{"start":{},"end":{}}],"line":23},"7":{"loc":{"start":{"line":28,"column":19},"end":{"line":28,"column":68}},"type":"binary-expr","locations":[{"start":{"line":28,"column":19},"end":{"line":28,"column":29}},{"start":{"line":28,"column":33},"end":{"line":28,"column":68}}],"line":28},"8":{"loc":{"start":{"line":32,"column":18},"end":{"line":32,"column":64}},"type":"binary-expr","locations":[{"start":{"line":32,"column":18},"end":{"line":32,"column":30}},{"start":{"line":32,"column":34},"end":{"line":32,"column":64}}],"line":32},"9":{"loc":{"start":{"line":33,"column":16},"end":{"line":33,"column":80}},"type":"binary-expr","locations":[{"start":{"line":33,"column":16},"end":{"line":33,"column":26}},{"start":{"line":33,"column":30},"end":{"line":33,"column":80}}],"line":33},"10":{"loc":{"start":{"line":34,"column":13},"end":{"line":34,"column":31}},"type":"binary-expr","locations":[{"start":{"line":34,"column":13},"end":{"line":34,"column":20}},{"start":{"line":34,"column":24},"end":{"line":34,"column":31}}],"line":34},"11":{"loc":{"start":{"line":48,"column":2},"end":{"line":48,"column":49}},"type":"if","locations":[{"start":{"line":48,"column":2},"end":{"line":48,"column":49}},{"start":{},"end":{}}],"line":48},"12":{"loc":{"start":{"line":48,"column":6},"end":{"line":48,"column":35}},"type":"binary-expr","locations":[{"start":{"line":48,"column":6},"end":{"line":48,"column":10}},{"start":{"line":48,"column":14},"end":{"line":48,"column":35}}],"line":48},"13":{"loc":{"start":{"line":51,"column":2},"end":{"line":51,"column":72}},"type":"if","locations":[{"start":{"line":51,"column":2},"end":{"line":51,"column":72}},{"start":{},"end":{}}],"line":51},"14":{"loc":{"start":{"line":52,"column":41},"end":{"line":52,"column":65}},"type":"cond-expr","locations":[{"start":{"line":52,"column":52},"end":{"line":52,"column":58}},{"start":{"line":52,"column":61},"end":{"line":52,"column":65}}],"line":52},"15":{"loc":{"start":{"line":56,"column":15},"end":{"line":56,"column":55}},"type":"cond-expr","locations":[{"start":{"line":56,"column":27},"end":{"line":56,"column":41}},{"start":{"line":56,"column":44},"end":{"line":56,"column":55}}],"line":56},"16":{"loc":{"start":{"line":62,"column":42},"end":{"line":62,"column":84}},"type":"cond-expr","locations":[{"start":{"line":62,"column":51},"end":{"line":62,"column":80}},{"start":{"line":62,"column":83},"end":{"line":62,"column":84}}],"line":62}},"s":{"0":16,"1":11,"2":14,"3":11,"4":4,"5":126,"6":1,"7":125,"8":125,"9":125,"10":125,"11":122,"12":122,"13":2,"14":2,"15":2,"16":1,"17":1,"18":124,"19":124,"20":124,"21":8,"22":8,"23":3,"24":5,"25":5,"26":5,"27":1,"28":4,"29":8,"30":8,"31":8,"32":8,"33":8},"f":{"0":16,"1":14,"2":4,"3":126,"4":8,"5":8},"b":{"0":[4,12],"1":[7,7],"2":[1,125],"3":[125,123],"4":[122,3],"5":[2,120],"6":[1,1],"7":[124,124],"8":[124,124],"9":[124,124],"10":[124,124],"11":[3,5],"12":[8,5],"13":[1,4],"14":[1,3],"15":[1,7],"16":[3,5]},"_coverageSchema":"1a1c01bbd47fc00a2c39e90264f33305004495a9","hash":"d8afdd06df43046f4a95007ee6f1716c4f2a3315"}
,"/Users/ian/Projects/spin/src/navigation/RootNavigator.tsx": {"path":"/Users/ian/Projects/spin/src/navigation/RootNavigator.tsx","statementMap":{"0":{"start":{"line":32,"column":15},"end":{"line":32,"column":35}},"1":{"start":{"line":32,"column":28},"end":{"line":32,"column":34}},"2":{"start":{"line":33,"column":18},"end":{"line":33,"column":41}},"3":{"start":{"line":33,"column":31},"end":{"line":33,"column":40}},"4":{"start":{"line":34,"column":18},"end":{"line":34,"column":41}},"5":{"start":{"line":34,"column":31},"end":{"line":34,"column":40}},"6":{"start":{"line":35,"column":36},"end":{"line":35,"column":60}},"7":{"start":{"line":38,"column":2},"end":{"line":40,"column":3}},"8":{"start":{"line":39,"column":4},"end":{"line":39,"column":65}},"9":{"start":{"line":39,"column":40},"end":{"line":39,"column":60}},"10":{"start":{"line":43,"column":2},"end":{"line":45,"column":3}},"11":{"start":{"line":44,"column":4},"end":{"line":44,"column":47}},"12":{"start":{"line":48,"column":2},"end":{"line":60,"column":3}},"13":{"start":{"line":49,"column":4},"end":{"line":59,"column":6}},"14":{"start":{"line":63,"column":2},"end":{"line":65,"column":4}},"15":{"start":{"line":64,"column":73},"end":{"line":64,"column":93}}},"fnMap":{"0":{"name":"RootNavigator","decl":{"start":{"line":31,"column":16},"end":{"line":31,"column":29}},"loc":{"start":{"line":31,"column":32},"end":{"line":66,"column":1}},"line":31},"1":{"name":"(anonymous_1)","decl":{"start":{"line":32,"column":23},"end":{"line":32,"column":24}},"loc":{"start":{"line":32,"column":28},"end":{"line":32,"column":34}},"line":32},"2":{"name":"(anonymous_2)","decl":{"start":{"line":33,"column":26},"end":{"line":33,"column":27}},"loc":{"start":{"line":33,"column":31},"end":{"line":33,"column":40}},"line":33},"3":{"name":"(anonymous_3)","decl":{"start":{"line":34,"column":26},"end":{"line":34,"column":27}},"loc":{"start":{"line":34,"column":31},"end":{"line":34,"column":40}},"line":34},"4":{"name":"(anonymous_4)","decl":{"start":{"line":39,"column":34},"end":{"line":39,"column":35}},"loc":{"start":{"line":39,"column":40},"end":{"line":39,"column":60}},"line":39},"5":{"name":"(anonymous_5)","decl":{"start":{"line":44,"column":34},"end":{"line":44,"column":35}},"loc":{"start":{"line":44,"column":40},"end":{"line":44,"column":42}},"line":44},"6":{"name":"(anonymous_6)","decl":{"start":{"line":52,"column":60},"end":{"line":52,"column":61}},"loc":{"start":{"line":52,"column":66},"end":{"line":52,"column":68}},"line":52},"7":{"name":"(anonymous_7)","decl":{"start":{"line":54,"column":68},"end":{"line":54,"column":69}},"loc":{"start":{"line":54,"column":74},"end":{"line":54,"column":76}},"line":54},"8":{"name":"(anonymous_8)","decl":{"start":{"line":64,"column":67},"end":{"line":64,"column":68}},"loc":{"start":{"line":64,"column":73},"end":{"line":64,"column":93}},"line":64}},"branchMap":{"0":{"loc":{"start":{"line":38,"column":2},"end":{"line":40,"column":3}},"type":"if","locations":[{"start":{"line":38,"column":2},"end":{"line":40,"column":3}},{"start":{},"end":{}}],"line":38},"1":{"loc":{"start":{"line":43,"column":2},"end":{"line":45,"column":3}},"type":"if","locations":[{"start":{"line":43,"column":2},"end":{"line":45,"column":3}},{"start":{},"end":{}}],"line":43},"2":{"loc":{"start":{"line":48,"column":2},"end":{"line":60,"column":3}},"type":"if","locations":[{"start":{"line":48,"column":2},"end":{"line":60,"column":3}},{"start":{},"end":{}}],"line":48},"3":{"loc":{"start":{"line":52,"column":11},"end":{"line":52,"column":72}},"type":"binary-expr","locations":[{"start":{"line":52,"column":11},"end":{"line":52,"column":31}},{"start":{"line":52,"column":35},"end":{"line":52,"column":72}}],"line":52},"4":{"loc":{"start":{"line":53,"column":11},"end":{"line":53,"column":51}},"type":"binary-expr","locations":[{"start":{"line":53,"column":11},"end":{"line":53,"column":32}},{"start":{"line":53,"column":36},"end":{"line":53,"column":51}}],"line":53},"5":{"loc":{"start":{"line":54,"column":11},"end":{"line":54,"column":80}},"type":"binary-expr","locations":[{"start":{"line":54,"column":11},"end":{"line":54,"column":35}},{"start":{"line":54,"column":39},"end":{"line":54,"column":80}}],"line":54},"6":{"loc":{"start":{"line":55,"column":11},"end":{"line":55,"column":55}},"type":"binary-expr","locations":[{"start":{"line":55,"column":11},"end":{"line":55,"column":34}},{"start":{"line":55,"column":38},"end":{"line":55,"column":55}}],"line":55}},"s":{"0":3,"1":10,"2":3,"3":10,"4":3,"5":10,"6":3,"7":3,"8":0,"9":0,"10":3,"11":1,"12":2,"13":2,"14":0,"15":0},"f":{"0":3,"1":10,"2":10,"3":10,"4":0,"5":0,"6":0,"7":0,"8":0},"b":{"0":[0,3],"1":[1,2],"2":[2,0],"3":[2,2],"4":[2,0],"5":[2,0],"6":[2,0]},"_coverageSchema":"1a1c01bbd47fc00a2c39e90264f33305004495a9","hash":"ecda92ac0044a85647509f27a7d0a1f86813973d"}
,"/Users/ian/Projects/spin/src/navigation/TabBar.tsx": {"path":"/Users/ian/Projects/spin/src/navigation/TabBar.tsx","statementMap":{"0":{"start":{"line":16,"column":47},"end":{"line":21,"column":1}},"1":{"start":{"line":24,"column":2},"end":{"line":51,"column":4}},"2":{"start":{"line":36,"column":8},"end":{"line":48,"column":20}},"3":{"start":{"line":36,"column":46},"end":{"line":36,"column":61}}},"fnMap":{"0":{"name":"TabBar","decl":{"start":{"line":23,"column":16},"end":{"line":23,"column":22}},"loc":{"start":{"line":23,"column":96},"end":{"line":52,"column":1}},"line":23},"1":{"name":"(anonymous_1)","decl":{"start":{"line":35,"column":16},"end":{"line":35,"column":17}},"loc":{"start":{"line":36,"column":8},"end":{"line":48,"column":20}},"line":36},"2":{"name":"(anonymous_2)","decl":{"start":{"line":36,"column":40},"end":{"line":36,"column":41}},"loc":{"start":{"line":36,"column":46},"end":{"line":36,"column":61}},"line":36}},"branchMap":{"0":{"loc":{"start":{"line":43,"column":21},"end":{"line":43,"column":68}},"type":"cond-expr","locations":[{"start":{"line":43,"column":40},"end":{"line":43,"column":53}},{"start":{"line":43,"column":56},"end":{"line":43,"column":68}}],"line":43}},"s":{"0":1,"1":2,"2":8,"3":0},"f":{"0":2,"1":8,"2":0},"b":{"0":[2,6]},"_coverageSchema":"1a1c01bbd47fc00a2c39e90264f33305004495a9","hash":"d25a18cdc4d56d7c5b1596d5d92d03379fbd441d"}
,"/Users/ian/Projects/spin/src/persistence/repository.ts": {"path":"/Users/ian/Projects/spin/src/persistence/repository.ts","statementMap":{"0":{"start":{"line":3,"column":10},"end":{"line":3,"column":66}},"1":{"start":{"line":4,"column":27},"end":{"line":4,"column":80}},"2":{"start":{"line":6,"column":14},"end":{"line":6,"column":52}},"3":{"start":{"line":7,"column":2},"end":{"line":7,"column":28}},"4":{"start":{"line":7,"column":12},"end":{"line":7,"column":28}},"5":{"start":{"line":8,"column":2},"end":{"line":14,"column":3}},"6":{"start":{"line":9,"column":4},"end":{"line":9,"column":47}},"7":{"start":{"line":13,"column":4},"end":{"line":13,"column":20}},"8":{"start":{"line":16,"column":28},"end":{"line":16,"column":96}},"9":{"start":{"line":16,"column":45},"end":{"line":16,"column":96}},"10":{"start":{"line":18,"column":14},"end":{"line":18,"column":51}},"11":{"start":{"line":19,"column":2},"end":{"line":19,"column":24}},"12":{"start":{"line":19,"column":12},"end":{"line":19,"column":24}},"13":{"start":{"line":20,"column":2},"end":{"line":25,"column":3}},"14":{"start":{"line":21,"column":4},"end":{"line":21,"column":27}},"15":{"start":{"line":24,"column":4},"end":{"line":24,"column":16}},"16":{"start":{"line":27,"column":27},"end":{"line":27,"column":100}},"17":{"start":{"line":27,"column":46},"end":{"line":27,"column":100}}},"fnMap":{"0":{"name":"loadSettings","decl":{"start":{"line":5,"column":22},"end":{"line":5,"column":34}},"loc":{"start":{"line":5,"column":56},"end":{"line":15,"column":1}},"line":5},"1":{"name":"(anonymous_1)","decl":{"start":{"line":16,"column":28},"end":{"line":16,"column":29}},"loc":{"start":{"line":16,"column":45},"end":{"line":16,"column":96}},"line":16},"2":{"name":"loadHistory","decl":{"start":{"line":17,"column":22},"end":{"line":17,"column":33}},"loc":{"start":{"line":17,"column":60},"end":{"line":26,"column":1}},"line":17},"3":{"name":"(anonymous_3)","decl":{"start":{"line":27,"column":27},"end":{"line":27,"column":28}},"loc":{"start":{"line":27,"column":46},"end":{"line":27,"column":100}},"line":27}},"branchMap":{"0":{"loc":{"start":{"line":7,"column":2},"end":{"line":7,"column":28}},"type":"if","locations":[{"start":{"line":7,"column":2},"end":{"line":7,"column":28}},{"start":{},"end":{}}],"line":7},"1":{"loc":{"start":{"line":19,"column":2},"end":{"line":19,"column":24}},"type":"if","locations":[{"start":{"line":19,"column":2},"end":{"line":19,"column":24}},{"start":{},"end":{}}],"line":19}},"s":{"0":15,"1":15,"2":4,"3":4,"4":2,"5":2,"6":2,"7":1,"8":15,"9":7,"10":8,"11":8,"12":6,"13":2,"14":2,"15":1,"16":15,"17":3},"f":{"0":4,"1":7,"2":8,"3":3},"b":{"0":[2,2],"1":[6,2]},"_coverageSchema":"1a1c01bbd47fc00a2c39e90264f33305004495a9","hash":"7e3da05731799623aa79e031f27cef9281d708e8"}
,"/Users/ian/Projects/spin/src/screens/ConnectScreen.tsx": {"path":"/Users/ian/Projects/spin/src/screens/ConnectScreen.tsx","statementMap":{"0":{"start":{"line":11,"column":14},"end":{"line":11,"column":17}},"1":{"start":{"line":26,"column":30},"end":{"line":26,"column":69}},"2":{"start":{"line":27,"column":38},"end":{"line":27,"column":53}},"3":{"start":{"line":28,"column":28},"end":{"line":28,"column":57}},"4":{"start":{"line":30,"column":2},"end":{"line":33,"column":15}},"5":{"start":{"line":31,"column":17},"end":{"line":31,"column":39}},"6":{"start":{"line":32,"column":4},"end":{"line":32,"column":16}},"7":{"start":{"line":36,"column":16},"end":{"line":36,"column":53}},"8":{"start":{"line":37,"column":15},"end":{"line":37,"column":52}},"9":{"start":{"line":38,"column":15},"end":{"line":38,"column":52}},"10":{"start":{"line":39,"column":2},"end":{"line":52,"column":26}},"11":{"start":{"line":40,"column":4},"end":{"line":42,"column":14}},"12":{"start":{"line":43,"column":4},"end":{"line":45,"column":14}},"13":{"start":{"line":46,"column":4},"end":{"line":51,"column":14}},"14":{"start":{"line":54,"column":15},"end":{"line":54,"column":89}},"15":{"start":{"line":55,"column":20},"end":{"line":55,"column":84}},"16":{"start":{"line":56,"column":22},"end":{"line":56,"column":94}},"17":{"start":{"line":57,"column":22},"end":{"line":57,"column":87}},"18":{"start":{"line":59,"column":16},"end":{"line":59,"column":24}},"19":{"start":{"line":61,"column":2},"end":{"line":191,"column":4}},"20":{"start":{"line":158,"column":10},"end":{"line":158,"column":30}},"21":{"start":{"line":158,"column":23},"end":{"line":158,"column":30}},"22":{"start":{"line":159,"column":10},"end":{"line":159,"column":25}},"23":{"start":{"line":160,"column":10},"end":{"line":160,"column":30}},"24":{"start":{"line":161,"column":10},"end":{"line":169,"column":11}},"25":{"start":{"line":162,"column":12},"end":{"line":162,"column":44}},"26":{"start":{"line":163,"column":12},"end":{"line":163,"column":60}},"27":{"start":{"line":164,"column":12},"end":{"line":164,"column":26}},"28":{"start":{"line":166,"column":12},"end":{"line":166,"column":52}},"29":{"start":{"line":168,"column":12},"end":{"line":168,"column":33}},"30":{"start":{"line":171,"column":33},"end":{"line":176,"column":9}},"31":{"start":{"line":196,"column":15},"end":{"line":196,"column":117}},"32":{"start":{"line":197,"column":14},"end":{"line":202,"column":11}},"33":{"start":{"line":203,"column":2},"end":{"line":203,"column":29}}},"fnMap":{"0":{"name":"ConnectScreen","decl":{"start":{"line":19,"column":16},"end":{"line":19,"column":29}},"loc":{"start":{"line":25,"column":3},"end":{"line":192,"column":1}},"line":25},"1":{"name":"(anonymous_1)","decl":{"start":{"line":30,"column":12},"end":{"line":30,"column":13}},"loc":{"start":{"line":30,"column":18},"end":{"line":33,"column":3}},"line":30},"2":{"name":"(anonymous_2)","decl":{"start":{"line":39,"column":12},"end":{"line":39,"column":13}},"loc":{"start":{"line":39,"column":18},"end":{"line":52,"column":3}},"line":39},"3":{"name":"(anonymous_3)","decl":{"start":{"line":157,"column":17},"end":{"line":157,"column":18}},"loc":{"start":{"line":157,"column":29},"end":{"line":170,"column":9}},"line":157},"4":{"name":"(anonymous_4)","decl":{"start":{"line":171,"column":15},"end":{"line":171,"column":16}},"loc":{"start":{"line":171,"column":33},"end":{"line":176,"column":9}},"line":171},"5":{"name":"hud","decl":{"start":{"line":195,"column":9},"end":{"line":195,"column":12}},"loc":{"start":{"line":195,"column":78},"end":{"line":204,"column":1}},"line":195}},"branchMap":{"0":{"loc":{"start":{"line":65,"column":80},"end":{"line":65,"column":116}},"type":"cond-expr","locations":[{"start":{"line":65,"column":88},"end":{"line":65,"column":101}},{"start":{"line":65,"column":104},"end":{"line":65,"column":116}}],"line":65},"1":{"loc":{"start":{"line":66,"column":11},"end":{"line":66,"column":57}},"type":"cond-expr","locations":[{"start":{"line":66,"column":19},"end":{"line":66,"column":36}},{"start":{"line":66,"column":39},"end":{"line":66,"column":57}}],"line":66},"2":{"loc":{"start":{"line":67,"column":11},"end":{"line":67,"column":65}},"type":"cond-expr","locations":[{"start":{"line":67,"column":19},"end":{"line":67,"column":21}},{"start":{"line":67,"column":24},"end":{"line":67,"column":65}}],"line":67},"3":{"loc":{"start":{"line":117,"column":31},"end":{"line":117,"column":69}},"type":"cond-expr","locations":[{"start":{"line":117,"column":39},"end":{"line":117,"column":52}},{"start":{"line":117,"column":55},"end":{"line":117,"column":69}}],"line":117},"4":{"loc":{"start":{"line":118,"column":57},"end":{"line":118,"column":72}},"type":"cond-expr","locations":[{"start":{"line":118,"column":65},"end":{"line":118,"column":68}},{"start":{"line":118,"column":71},"end":{"line":118,"column":72}}],"line":118},"5":{"loc":{"start":{"line":121,"column":64},"end":{"line":121,"column":102}},"type":"cond-expr","locations":[{"start":{"line":121,"column":72},"end":{"line":121,"column":87}},{"start":{"line":121,"column":90},"end":{"line":121,"column":102}}],"line":121},"6":{"loc":{"start":{"line":122,"column":83},"end":{"line":122,"column":121}},"type":"cond-expr","locations":[{"start":{"line":122,"column":91},"end":{"line":122,"column":106}},{"start":{"line":122,"column":109},"end":{"line":122,"column":121}}],"line":122},"7":{"loc":{"start":{"line":123,"column":15},"end":{"line":123,"column":40}},"type":"cond-expr","locations":[{"start":{"line":123,"column":23},"end":{"line":123,"column":31}},{"start":{"line":123,"column":34},"end":{"line":123,"column":40}}],"line":123},"8":{"loc":{"start":{"line":129,"column":30},"end":{"line":129,"column":66}},"type":"cond-expr","locations":[{"start":{"line":129,"column":38},"end":{"line":129,"column":51}},{"start":{"line":129,"column":54},"end":{"line":129,"column":66}}],"line":129},"9":{"loc":{"start":{"line":129,"column":70},"end":{"line":129,"column":89}},"type":"cond-expr","locations":[{"start":{"line":129,"column":78},"end":{"line":129,"column":83}},{"start":{"line":129,"column":86},"end":{"line":129,"column":89}}],"line":129},"10":{"loc":{"start":{"line":131,"column":32},"end":{"line":131,"column":59}},"type":"cond-expr","locations":[{"start":{"line":131,"column":40},"end":{"line":131,"column":49}},{"start":{"line":131,"column":52},"end":{"line":131,"column":59}}],"line":131},"11":{"loc":{"start":{"line":137,"column":80},"end":{"line":137,"column":114}},"type":"cond-expr","locations":[{"start":{"line":137,"column":88},"end":{"line":137,"column":99}},{"start":{"line":137,"column":102},"end":{"line":137,"column":114}}],"line":137},"12":{"loc":{"start":{"line":138,"column":11},"end":{"line":138,"column":46}},"type":"cond-expr","locations":[{"start":{"line":138,"column":20},"end":{"line":138,"column":31}},{"start":{"line":138,"column":34},"end":{"line":138,"column":46}}],"line":138},"13":{"loc":{"start":{"line":140,"column":9},"end":{"line":144,"column":9}},"type":"binary-expr","locations":[{"start":{"line":140,"column":9},"end":{"line":140,"column":14}},{"start":{"line":141,"column":10},"end":{"line":143,"column":14}}],"line":140},"14":{"loc":{"start":{"line":148,"column":7},"end":{"line":152,"column":7}},"type":"binary-expr","locations":[{"start":{"line":148,"column":7},"end":{"line":148,"column":12}},{"start":{"line":149,"column":8},"end":{"line":151,"column":12}}],"line":148},"15":{"loc":{"start":{"line":156,"column":18},"end":{"line":156,"column":38}},"type":"binary-expr","locations":[{"start":{"line":156,"column":18},"end":{"line":156,"column":24}},{"start":{"line":156,"column":28},"end":{"line":156,"column":38}}],"line":156},"16":{"loc":{"start":{"line":158,"column":10},"end":{"line":158,"column":30}},"type":"if","locations":[{"start":{"line":158,"column":10},"end":{"line":158,"column":30}},{"start":{},"end":{}}],"line":158},"17":{"loc":{"start":{"line":166,"column":21},"end":{"line":166,"column":50}},"type":"binary-expr","locations":[{"start":{"line":166,"column":21},"end":{"line":166,"column":31}},{"start":{"line":166,"column":35},"end":{"line":166,"column":50}}],"line":166},"18":{"loc":{"start":{"line":172,"column":27},"end":{"line":172,"column":65}},"type":"cond-expr","locations":[{"start":{"line":172,"column":35},"end":{"line":172,"column":48}},{"start":{"line":172,"column":51},"end":{"line":172,"column":65}}],"line":172},"19":{"loc":{"start":{"line":174,"column":19},"end":{"line":174,"column":39}},"type":"cond-expr","locations":[{"start":{"line":174,"column":32},"end":{"line":174,"column":35}},{"start":{"line":174,"column":38},"end":{"line":174,"column":39}}],"line":174},"20":{"loc":{"start":{"line":175,"column":31},"end":{"line":175,"column":49}},"type":"cond-expr","locations":[{"start":{"line":175,"column":41},"end":{"line":175,"column":45}},{"start":{"line":175,"column":48},"end":{"line":175,"column":49}}],"line":175},"21":{"loc":{"start":{"line":181,"column":19},"end":{"line":181,"column":57}},"type":"cond-expr","locations":[{"start":{"line":181,"column":27},"end":{"line":181,"column":42}},{"start":{"line":181,"column":45},"end":{"line":181,"column":57}}],"line":181},"22":{"loc":{"start":{"line":187,"column":11},"end":{"line":187,"column":73}},"type":"cond-expr","locations":[{"start":{"line":187,"column":24},"end":{"line":187,"column":37}},{"start":{"line":187,"column":40},"end":{"line":187,"column":73}}],"line":187},"23":{"loc":{"start":{"line":187,"column":40},"end":{"line":187,"column":73}},"type":"cond-expr","locations":[{"start":{"line":187,"column":48},"end":{"line":187,"column":57}},{"start":{"line":187,"column":60},"end":{"line":187,"column":73}}],"line":187},"24":{"loc":{"start":{"line":195,"column":48},"end":{"line":195,"column":76}},"type":"default-arg","locations":[{"start":{"line":195,"column":64},"end":{"line":195,"column":76}}],"line":195}},"s":{"0":2,"1":3,"2":3,"3":3,"4":3,"5":1,"6":1,"7":3,"8":3,"9":3,"10":3,"11":1,"12":1,"13":1,"14":3,"15":3,"16":3,"17":3,"18":3,"19":3,"20":1,"21":0,"22":1,"23":1,"24":1,"25":1,"26":1,"27":1,"28":0,"29":1,"30":2,"31":12,"32":12,"33":12},"f":{"0":3,"1":1,"2":1,"3":1,"4":2,"5":12},"b":{"0":[2,1],"1":[2,1],"2":[2,1],"3":[2,1],"4":[2,1],"5":[2,1],"6":[2,1],"7":[2,1],"8":[2,1],"9":[2,1],"10":[2,1],"11":[2,1],"12":[2,1],"13":[3,2],"14":[3,0],"15":[3,2],"16":[0,1],"17":[0,0],"18":[1,1],"19":[0,2],"20":[0,2],"21":[2,1],"22":[0,3],"23":[2,1],"24":[9]},"_coverageSchema":"1a1c01bbd47fc00a2c39e90264f33305004495a9","hash":"4e5876ecd1f67b33cedcb9d8f5f33250cda64a5c"}
,"/Users/ian/Projects/spin/src/screens/HomeScreen.tsx": {"path":"/Users/ian/Projects/spin/src/screens/HomeScreen.tsx","statementMap":{"0":{"start":{"line":15,"column":13},"end":{"line":15,"column":57}},"1":{"start":{"line":25,"column":16},"end":{"line":25,"column":41}},"2":{"start":{"line":25,"column":33},"end":{"line":25,"column":40}},"3":{"start":{"line":26,"column":15},"end":{"line":26,"column":42}},"4":{"start":{"line":26,"column":31},"end":{"line":26,"column":41}},"5":{"start":{"line":28,"column":12},"end":{"line":28,"column":33}},"6":{"start":{"line":29,"column":19},"end":{"line":29,"column":84}},"7":{"start":{"line":31,"column":23},"end":{"line":33,"column":9}},"8":{"start":{"line":35,"column":20},"end":{"line":38,"column":3}},"9":{"start":{"line":36,"column":4},"end":{"line":36,"column":39}},"10":{"start":{"line":37,"column":4},"end":{"line":37,"column":18}},"11":{"start":{"line":39,"column":23},"end":{"line":42,"column":3}},"12":{"start":{"line":40,"column":4},"end":{"line":40,"column":36}},"13":{"start":{"line":41,"column":4},"end":{"line":41,"column":18}},"14":{"start":{"line":44,"column":23},"end":{"line":44,"column":43}},"15":{"start":{"line":46,"column":2},"end":{"line":112,"column":4}},"16":{"start":{"line":72,"column":35},"end":{"line":76,"column":11}},"17":{"start":{"line":89,"column":10},"end":{"line":103,"column":22}},"18":{"start":{"line":91,"column":27},"end":{"line":91,"column":42}}},"fnMap":{"0":{"name":"HomeScreen","decl":{"start":{"line":24,"column":16},"end":{"line":24,"column":26}},"loc":{"start":{"line":24,"column":73},"end":{"line":113,"column":1}},"line":24},"1":{"name":"(anonymous_1)","decl":{"start":{"line":25,"column":28},"end":{"line":25,"column":29}},"loc":{"start":{"line":25,"column":33},"end":{"line":25,"column":40}},"line":25},"2":{"name":"(anonymous_2)","decl":{"start":{"line":26,"column":26},"end":{"line":26,"column":27}},"loc":{"start":{"line":26,"column":31},"end":{"line":26,"column":41}},"line":26},"3":{"name":"(anonymous_3)","decl":{"start":{"line":35,"column":20},"end":{"line":35,"column":21}},"loc":{"start":{"line":35,"column":26},"end":{"line":38,"column":3}},"line":35},"4":{"name":"(anonymous_4)","decl":{"start":{"line":39,"column":23},"end":{"line":39,"column":24}},"loc":{"start":{"line":39,"column":39},"end":{"line":42,"column":3}},"line":39},"5":{"name":"(anonymous_5)","decl":{"start":{"line":72,"column":17},"end":{"line":72,"column":18}},"loc":{"start":{"line":72,"column":35},"end":{"line":76,"column":11}},"line":72},"6":{"name":"(anonymous_6)","decl":{"start":{"line":88,"column":26},"end":{"line":88,"column":27}},"loc":{"start":{"line":89,"column":10},"end":{"line":103,"column":22}},"line":89},"7":{"name":"(anonymous_7)","decl":{"start":{"line":91,"column":21},"end":{"line":91,"column":22}},"loc":{"start":{"line":91,"column":27},"end":{"line":91,"column":42}},"line":91}},"branchMap":{"0":{"loc":{"start":{"line":29,"column":20},"end":{"line":29,"column":73}},"type":"cond-expr","locations":[{"start":{"line":29,"column":29},"end":{"line":29,"column":38}},{"start":{"line":29,"column":41},"end":{"line":29,"column":73}}],"line":29},"1":{"loc":{"start":{"line":29,"column":41},"end":{"line":29,"column":73}},"type":"cond-expr","locations":[{"start":{"line":29,"column":50},"end":{"line":29,"column":61}},{"start":{"line":29,"column":64},"end":{"line":29,"column":73}}],"line":29},"2":{"loc":{"start":{"line":31,"column":23},"end":{"line":33,"column":9}},"type":"cond-expr","locations":[{"start":{"line":32,"column":6},"end":{"line":32,"column":104}},{"start":{"line":33,"column":6},"end":{"line":33,"column":9}}],"line":31},"3":{"loc":{"start":{"line":75,"column":33},"end":{"line":75,"column":51}},"type":"cond-expr","locations":[{"start":{"line":75,"column":43},"end":{"line":75,"column":47}},{"start":{"line":75,"column":50},"end":{"line":75,"column":51}}],"line":75},"4":{"loc":{"start":{"line":95,"column":30},"end":{"line":95,"column":45}},"type":"cond-expr","locations":[{"start":{"line":95,"column":40},"end":{"line":95,"column":41}},{"start":{"line":95,"column":44},"end":{"line":95,"column":45}}],"line":95}},"s":{"0":2,"1":3,"2":9,"3":3,"4":9,"5":3,"6":3,"7":3,"8":3,"9":0,"10":0,"11":3,"12":1,"13":1,"14":3,"15":3,"16":3,"17":6,"18":1},"f":{"0":3,"1":9,"2":9,"3":0,"4":1,"5":3,"6":6,"7":1},"b":{"0":[0,3],"1":[0,3],"2":[1,2],"3":[0,3],"4":[3,3]},"_coverageSchema":"1a1c01bbd47fc00a2c39e90264f33305004495a9","hash":"90a99f1f501f4bad67870c3054381c4ac5faeb1c"}
,"/Users/ian/Projects/spin/src/screens/LiveRideScreen.tsx": {"path":"/Users/ian/Projects/spin/src/screens/LiveRideScreen.tsx","statementMap":{"0":{"start":{"line":16,"column":13},"end":{"line":16,"column":57}},"1":{"start":{"line":20,"column":12},"end":{"line":20,"column":32}},"2":{"start":{"line":21,"column":12},"end":{"line":21,"column":32}},"3":{"start":{"line":22,"column":2},"end":{"line":22,"column":46}},"4":{"start":{"line":33,"column":18},"end":{"line":33,"column":41}},"5":{"start":{"line":33,"column":31},"end":{"line":33,"column":40}},"6":{"start":{"line":34,"column":20},"end":{"line":34,"column":45}},"7":{"start":{"line":34,"column":33},"end":{"line":34,"column":44}},"8":{"start":{"line":35,"column":16},"end":{"line":35,"column":41}},"9":{"start":{"line":35,"column":33},"end":{"line":35,"column":40}},"10":{"start":{"line":36,"column":16},"end":{"line":36,"column":40}},"11":{"start":{"line":36,"column":32},"end":{"line":36,"column":39}},"12":{"start":{"line":38,"column":2},"end":{"line":38,"column":103}},"13":{"start":{"line":38,"column":16},"end":{"line":38,"column":103}},"14":{"start":{"line":40,"column":14},"end":{"line":40,"column":37}},"15":{"start":{"line":41,"column":21},"end":{"line":41,"column":38}},"16":{"start":{"line":42,"column":19},"end":{"line":42,"column":92}},"17":{"start":{"line":42,"column":75},"end":{"line":42,"column":84}},"18":{"start":{"line":44,"column":19},"end":{"line":46,"column":17}},"19":{"start":{"line":47,"column":20},"end":{"line":47,"column":115}},"20":{"start":{"line":49,"column":20},"end":{"line":49,"column":110}},"21":{"start":{"line":50,"column":19},"end":{"line":50,"column":58}},"22":{"start":{"line":51,"column":19},"end":{"line":51,"column":60}},"23":{"start":{"line":53,"column":18},"end":{"line":53,"column":45}},"24":{"start":{"line":54,"column":22},"end":{"line":54,"column":89}},"25":{"start":{"line":55,"column":14},"end":{"line":55,"column":36}},"26":{"start":{"line":56,"column":19},"end":{"line":56,"column":64}},"27":{"start":{"line":57,"column":18},"end":{"line":57,"column":64}},"28":{"start":{"line":58,"column":21},"end":{"line":58,"column":41}},"29":{"start":{"line":59,"column":21},"end":{"line":59,"column":56}},"30":{"start":{"line":62,"column":76},"end":{"line":62,"column":80}},"31":{"start":{"line":63,"column":2},"end":{"line":74,"column":3}},"32":{"start":{"line":64,"column":17},"end":{"line":64,"column":62}},"33":{"start":{"line":65,"column":4},"end":{"line":73,"column":5}},"34":{"start":{"line":66,"column":21},"end":{"line":66,"column":112}},"35":{"start":{"line":66,"column":39},"end":{"line":66,"column":71}},"36":{"start":{"line":66,"column":91},"end":{"line":66,"column":110}},"37":{"start":{"line":67,"column":20},"end":{"line":67,"column":35}},"38":{"start":{"line":68,"column":6},"end":{"line":72,"column":8}},"39":{"start":{"line":76,"column":2},"end":{"line":197,"column":4}},"40":{"start":{"line":98,"column":16},"end":{"line":104,"column":18}},"41":{"start":{"line":187,"column":14},"end":{"line":187,"column":43}},"42":{"start":{"line":188,"column":14},"end":{"line":188,"column":22}}},"fnMap":{"0":{"name":"fmt","decl":{"start":{"line":19,"column":16},"end":{"line":19,"column":19}},"loc":{"start":{"line":19,"column":41},"end":{"line":23,"column":1}},"line":19},"1":{"name":"LiveRideScreen","decl":{"start":{"line":32,"column":16},"end":{"line":32,"column":30}},"loc":{"start":{"line":32,"column":65},"end":{"line":198,"column":1}},"line":32},"2":{"name":"(anonymous_2)","decl":{"start":{"line":33,"column":26},"end":{"line":33,"column":27}},"loc":{"start":{"line":33,"column":31},"end":{"line":33,"column":40}},"line":33},"3":{"name":"(anonymous_3)","decl":{"start":{"line":34,"column":28},"end":{"line":34,"column":29}},"loc":{"start":{"line":34,"column":33},"end":{"line":34,"column":44}},"line":34},"4":{"name":"(anonymous_4)","decl":{"start":{"line":35,"column":28},"end":{"line":35,"column":29}},"loc":{"start":{"line":35,"column":33},"end":{"line":35,"column":40}},"line":35},"5":{"name":"(anonymous_5)","decl":{"start":{"line":36,"column":27},"end":{"line":36,"column":28}},"loc":{"start":{"line":36,"column":32},"end":{"line":36,"column":39}},"line":36},"6":{"name":"(anonymous_6)","decl":{"start":{"line":42,"column":65},"end":{"line":42,"column":66}},"loc":{"start":{"line":42,"column":75},"end":{"line":42,"column":84}},"line":42},"7":{"name":"(anonymous_7)","decl":{"start":{"line":66,"column":34},"end":{"line":66,"column":35}},"loc":{"start":{"line":66,"column":39},"end":{"line":66,"column":71}},"line":66},"8":{"name":"(anonymous_8)","decl":{"start":{"line":66,"column":80},"end":{"line":66,"column":81}},"loc":{"start":{"line":66,"column":91},"end":{"line":66,"column":110}},"line":66},"9":{"name":"(anonymous_9)","decl":{"start":{"line":97,"column":40},"end":{"line":97,"column":41}},"loc":{"start":{"line":98,"column":16},"end":{"line":104,"column":18}},"line":98},"10":{"name":"(anonymous_10)","decl":{"start":{"line":186,"column":21},"end":{"line":186,"column":22}},"loc":{"start":{"line":186,"column":27},"end":{"line":189,"column":13}},"line":186}},"branchMap":{"0":{"loc":{"start":{"line":38,"column":2},"end":{"line":38,"column":103}},"type":"if","locations":[{"start":{"line":38,"column":2},"end":{"line":38,"column":103}},{"start":{},"end":{}}],"line":38},"1":{"loc":{"start":{"line":42,"column":19},"end":{"line":42,"column":92}},"type":"cond-expr","locations":[{"start":{"line":42,"column":37},"end":{"line":42,"column":88}},{"start":{"line":42,"column":91},"end":{"line":42,"column":92}}],"line":42},"2":{"loc":{"start":{"line":44,"column":19},"end":{"line":46,"column":17}},"type":"cond-expr","locations":[{"start":{"line":45,"column":6},"end":{"line":45,"column":95}},{"start":{"line":46,"column":6},"end":{"line":46,"column":17}}],"line":44},"3":{"loc":{"start":{"line":47,"column":20},"end":{"line":47,"column":115}},"type":"cond-expr","locations":[{"start":{"line":47,"column":38},"end":{"line":47,"column":92}},{"start":{"line":47,"column":95},"end":{"line":47,"column":115}}],"line":47},"4":{"loc":{"start":{"line":49,"column":20},"end":{"line":49,"column":110}},"type":"binary-expr","locations":[{"start":{"line":49,"column":20},"end":{"line":49,"column":25}},{"start":{"line":49,"column":30},"end":{"line":49,"column":53}},{"start":{"line":49,"column":57},"end":{"line":49,"column":82}},{"start":{"line":49,"column":86},"end":{"line":49,"column":109}}],"line":49},"5":{"loc":{"start":{"line":50,"column":19},"end":{"line":50,"column":58}},"type":"cond-expr","locations":[{"start":{"line":50,"column":31},"end":{"line":50,"column":42}},{"start":{"line":50,"column":45},"end":{"line":50,"column":58}}],"line":50},"6":{"loc":{"start":{"line":51,"column":19},"end":{"line":51,"column":60}},"type":"cond-expr","locations":[{"start":{"line":51,"column":31},"end":{"line":51,"column":42}},{"start":{"line":51,"column":45},"end":{"line":51,"column":60}}],"line":51},"7":{"loc":{"start":{"line":54,"column":22},"end":{"line":54,"column":89}},"type":"cond-expr","locations":[{"start":{"line":54,"column":28},"end":{"line":54,"column":62}},{"start":{"line":54,"column":65},"end":{"line":54,"column":89}}],"line":54},"8":{"loc":{"start":{"line":59,"column":21},"end":{"line":59,"column":56}},"type":"cond-expr","locations":[{"start":{"line":59,"column":38},"end":{"line":59,"column":46}},{"start":{"line":59,"column":49},"end"
[...]
,"/Users/ian/Projects/spin/src/store/bikeStore.ts": {"path":"/Users/ian/Projects/spin/src/store/bikeStore.ts","statementMap":{"0":{"start":{"line":26,"column":13},"end":{"line":26,"column":18}},"1":{"start":{"line":27,"column":2},"end":{"line":27,"column":26}},"2":{"start":{"line":27,"column":19},"end":{"line":27,"column":26}},"3":{"start":{"line":28,"column":15},"end":{"line":30,"column":44}},"4":{"start":{"line":31,"column":2},"end":{"line":31,"column":56}},"5":{"start":{"line":32,"column":14},"end":{"line":32,"column":26}},"6":{"start":{"line":33,"column":2},"end":{"line":35,"column":3}},"7":{"start":{"line":34,"column":4},"end":{"line":34,"column":45}},"8":{"start":{"line":38,"column":23},"end":{"line":87,"column":3}},"9":{"start":{"line":38,"column":48},"end":{"line":87,"column":1}},"10":{"start":{"line":41,"column":24},"end":{"line":41,"column":45}},"11":{"start":{"line":41,"column":46},"end":{"line":41,"column":81}},"12":{"start":{"line":41,"column":66},"end":{"line":41,"column":79}},"13":{"start":{"line":43,"column":25},"end":{"line":43,"column":60}},"14":{"start":{"line":44,"column":4},"end":{"line":44,"column":30}},"15":{"start":{"line":44,"column":23},"end":{"line":44,"column":30}},"16":{"start":{"line":45,"column":4},"end":{"line":50,"column":5}},"17":{"start":{"line":47,"column":6},"end":{"line":47,"column":47}},"18":{"start":{"line":53,"column":17},"end":{"line":53,"column":22}},"19":{"start":{"line":53,"column":24},"end":{"line":53,"column":68}},"20":{"start":{"line":53,"column":41},"end":{"line":53,"column":68}},"21":{"start":{"line":53,"column":69},"end":{"line":53,"column":85}},"22":{"start":{"line":54,"column":16},"end":{"line":54,"column":28}},"23":{"start":{"line":55,"column":18},"end":{"line":55,"column":54}},"24":{"start":{"line":55,"column":34},"end":{"line":55,"column":53}},"25":{"start":{"line":58,"column":4},"end":{"line":58,"column":106}},"26":{"start":{"line":59,"column":18},"end":{"line":74,"column":12}},"27":{"start":{"line":60,"column":17},"end":{"line":60,"column":22}},"28":{"start":{"line":60,"column":24},"end":{"line":60,"column":48}},"29":{"start":{"line":60,"column":41},"end":{"line":60,"column":48}},"30":{"start":{"line":66,"column":6},"end":{"line":70,"column":7}},"31":{"start":{"line":67,"column":20},"end":{"line":67,"column":46}},"32":{"start":{"line":68,"column":8},"end":{"line":68,"column":56}},"33":{"start":{"line":69,"column":8},"end":{"line":69,"column":49}},"34":{"start":{"line":71,"column":36},"end":{"line":71,"column":64}},"35":{"start":{"line":72,"column":6},"end":{"line":72,"column":23}},"36":{"start":{"line":73,"column":6},"end":{"line":73,"column":36}},"37":{"start":{"line":73,"column":20},"end":{"line":73,"column":36}},"38":{"start":{"line":75,"column":4},"end":{"line":75,"column":27}},"39":{"start":{"line":78,"column":15},"end":{"line":78,"column":20}},"40":{"start":{"line":78,"column":22},"end":{"line":78,"column":60}},"41":{"start":{"line":78,"column":53},"end":{"line":78,"column":60}},"42":{"start":{"line":79,"column":4},"end":{"line":79,"column":44}},"43":{"start":{"line":79,"column":19},"end":{"line":79,"column":44}},"44":{"start":{"line":79,"column":45},"end":{"line":79,"column":59}},"45":{"start":{"line":80,"column":20},"end":{"line":80,"column":93}},"46":{"start":{"line":81,"column":4},"end":{"line":81,"column":64}},"47":{"start":{"line":83,"column":19},"end":{"line":83,"column":88}},"48":{"start":{"line":83,"column":30},"end":{"line":83,"column":86}},"49":{"start":{"line":84,"column":16},"end":{"line":84,"column":47}},"50":{"start":{"line":85,"column":16},"end":{"line":85,"column":48}},"51":{"start":{"line":86,"column":22},"end":{"line":86,"column":44}}},"fnMap":{"0":{"name":"setResistanceLevel","decl":{"start":{"line":25,"column":9},"end":{"line":25,"column":27}},"loc":{"start":{"line":25,"column":87},"end":{"line":36,"column":1}},"line":25},"1":{"name":"(anonymous_1)","decl":{"start":{"line":34,"column":35},"end":{"line":34,"column":36}},"loc":{"start":{"line":34,"column":41},"end":{"line":34,"column":43}},"line":34},"2":{"name":"(anonymous_2)","decl":{"start":{"line":38,"column":33},"end":{"line":38,"column":34}},"loc":{"start":{"line":38,"column":48},"end":{"line":87,"column":1}},"line":38},"3":{"name":"(anonymous_3)","decl":{"start":{"line":41,"column":13},"end":{"line":41,"column":14}},"loc":{"start":{"line":41,"column":22},"end":{"line":41,"column":83}},"line":41},"4":{"name":"(anonymous_4)","decl":{"start":{"line":41,"column":58},"end":{"line":41,"column":59}},"loc":{"start":{"line":41,"column":66},"end":{"line":41,"column":79}},"line":41},"5":{"name":"(anonymous_5)","decl":{"start":{"line":42,"column":20},"end":{"line":42,"column":21}},"loc":{"start":{"line":42,"column":32},"end":{"line":51,"column":3}},"line":42},"6":{"name":"(anonymous_6)","decl":{"start":{"line":52,"column":13},"end":{"line":52,"column":14}},"loc":{"start":{"line":52,"column":26},"end":{"line":76,"column":3}},"line":52},"7":{"name":"(anonymous_7)","decl":{"start":{"line":55,"column":29},"end":{"line":55,"column":30}},"loc":{"start":{"line":55,"column":34},"end":{"line":55,"column":53}},"line":55},"8":{"name":"(anonymous_8)","decl":{"start":{"line":59,"column":30},"end":{"line":59,"column":31}},"loc":{"start":{"line":59,"column":36},"end":{"line":74,"column":5}},"line":59},"9":{"name":"(anonymous_9)","decl":{"start":{"line":77,"column":11},"end":{"line":77,"column":12}},"loc":{"start":{"line":77,"column":17},"end":{"line":82,"column":3}},"line":77},"10":{"name":"(anonymous_10)","decl":{"start":{"line":83,"column":13},"end":{"line":83,"column":14}},"loc":{"start":{"line":83,"column":19},"end":{"line":83,"column":88}},"line":83},"11":{"name":"(anonymous_11)","decl":{"start":{"line":83,"column":23},"end":{"line":83,"column":24}},"loc":{"start":{"line":83,"column":30},"end":{"line":83,"column":86}},"line":83},"12":{"name":"(anonymous_12)","decl":{"start":{"line":84,"column":10},"end":{"line":84,"column":11}},"loc":{"start":{"line":84,"column":16},"end":{"line":84,"column":47}},"line":84},"13":{"name":"(anonymous_13)","decl":{"start":{"line":85,"column":10},"end":{"line":85,"column":11}},"loc":{"start":{"line":85,"column":16},"end":{"line":85,"column":48}},"line":85},"14":{"name":"(anonymous_14)","decl":{"start":{"line":86,"column":16},"end":{"line":86,"column":17}},"loc":{"start":{"line":86,"column":22},"end":{"line":86,"column":44}},"line":86}},"branchMap":{"0":{"loc":{"start":{"line":27,"column":2},"end":{"line":27,"column":26}},"type":"if","locations":[{"start":{"line":27,"column":2},"end":{"line":27,"column":26}},{"start":{},"end":{}}],"line":27},"1":{"loc":{"start":{"line":28,"column":15},"end":{"line":30,"column":44}},"type":"cond-expr","locations":[{"start":{"line":29,"column":6},"end":{"line":29,"column":45}},{"start":{"line":30,"column":6},"end":{"line":30,"column":44}}],"line":28},"2":{"loc":{"start":{"line":33,"column":2},"end":{"line":35,"column":3}},"type":"if","locations":[{"start":{"line":33,"column":2},"end":{"line":35,"column":3}},{"start":{},"end":{}}],"line":33},"3":{"loc":{"start":{"line":33,"column":6},"end":{"line":33,"column":51}},"type":"binary-expr","locations":[{"start":{"line":33,"column":6},"end":{"line":33,"column":30}},{"start":{"line":33,"column":34},"end":{"line":33,"column":51}}],"line":33},"4":{"loc":{"start":{"line":44,"column":4},"end":{"line":44,"column":30}},"type":"if","locations":[{"start":{"line":44,"column":4},"end":{"line":44,"column":30}},{"start":{},"end":{}}],"line":44},"5":{"loc":{"start":{"line":53,"column":24},"end":{"line":53,"column":68}},"type":"if","locations":[{"start":{"line":53,"column":24},"end":{"line":53,"column":68}},{"start":{},"end":{}}],"line":53},"6":{"loc":{"start":{"line":60,"column":24},"end":{"line":60,"column":48}},"type":"if","locations":[{"start":{"line":60,"column":24},"end":{"line":60,"column":48}},{"start":{},"end":{}}],"line":60},"7":{"loc":{"start":{"line":66,"column":6},"end":{"line":70,"column":7}},"type":"if","locations":[{"start":{"line":66,"column":6},"end":{"line":70,"column":7}},{"start":{},"end":{}}],"line":66},"8":{"loc":{"start":{"line":66,"column":10},"end":{"line":66,"column":66}},"type":"binary-expr","locations":[{"start":{"line":66,"column":10},"end":{"line":66,"column":44}},{"start":{"line":66,"column":48},"end":{"line":66,"column":66}}],"line":66},"9":{"loc":{"start":{"line":68,"column":22},"end":{"line":68,"column":54}},"type":"cond-expr","locations":[{"start":{"line":68,"column":28},"end":{"line":68,"column":49}},{"start":{"line":68,"column":52},"end":{"line":68,"column":54}}],"line":68},"10":{"loc":{"start":{"line":73,"column":6},"end":{"line":73,"column":36}},"type":"if","locations":[{"start":{"line":73,"column":6},"end":{"line":73,"column":36}},{"start":{},"end":{}}],"line":73},"11":{"loc":{"start":{"line":78,"column":22},"end":{"line":78,"column":60}},"type":"if","locations":[{"start":{"line":78,"column":22},"end":{"line":78,"column":60}},{"start":{},"end":{}}],"line":78},"12":{"loc":{"start":{"line":78,"column":26},"end":{"line":78,"column":51}},"type":"binary-expr","locations":[{"start":{"line":78,"column":26},"end":{"line":78,"column":37}},{"start":{"line":78,"column":41},"end":{"line":78,"column":51}}],"line":78},"13":{"loc":{"start":{"line":79,"column":4},"end":{"line":79,"column":44}},"type":"if","locations":[{"start":{"line":79,"column":4},"end":{"line":79,"column":44}},{"start":{},"end":{}}],"line":79},"14":{"loc":{"start":{"line":80,"column":20},"end":{"line":80,"column":93}},"type":"cond-expr","locations":[{"start":{"line":80,"column":33},"end":{"line":80,"column":86}},{"start":{"line":80,"column":89},"end":{"line":80,"column":93}}],"line":80},"15":{"loc":{"start":{"line":83,"column":41},"end":{"line":83,"column":84}},"type":"cond-expr","locations":[{"start":{"line":83,"column":54},"end":{"line":83,"column":77}},{"start":{"line":83,"column":80},"end":{"line":83,"column":84}}],"line":83}},"s":{"0":3,"1":3,"2":0,"3":3,"4":3,"5":3,"6":3,"7":1,"8":10,"9":10,"10":9,"11":9,"12":9,"13":2,"14":2,"15":1,"16":1,"17":1,"18":8,"19":8,"20":1,"21":8,"22":8,"23":8,"24":72,"25":8,"26":8,"27":2,"28":2,"29":0,"30":2,"31":2,"32":2,"33":2,"34":2,"35":2,"36":2,"37":0,"38":8,"39":8,"40":8,"41":1,"42":7,"43":7,"44":7,"45":7,"46":7,"47":3,"48":3,"49":2,"50":1,"51":2},"f":{"0":3,"1":0,"2":10,"3":9,"4":9,"5":2,"6":8,"7":72,"8":2,"9":8,"10":3,"11":3,"12":2,"13":1,"14":2},"b":{"0":[0,3],"1":[2,1],"2":[1,2],"3":[3,1],"4":[1,1],"5":[1,7],"6":[0,2],"7":[2,0],"8":[2,2],"9":[0,2],"10":[0,2],"11":[1,7],"12":[8,1],"13":[7,0],"14":[7,0],"15":[3,0]},"_coverageSchema":"1a1c01bbd47fc00a2c39e90264f33305004495a9","hash":"4d22745fedcc0e9fa34b402dc7cd2d794cdea82d"}
,"/Users/ian/Projects/spin/src/store/historyStore.ts": {"path":"/Users/ian/Projects/spin/src/store/historyStore.ts","statementMap":{"0":{"start":{"line":13,"column":26},"end":{"line":25,"column":3}},"1":{"start":{"line":13,"column":51},"end":{"line":25,"column":1}},"2":{"start":{"line":15,"column":23},"end":{"line":15,"column":76}},"3":{"start":{"line":16,"column":34},"end":{"line":16,"column":53}},"4":{"start":{"line":16,"column":55},"end":{"line":16,"column":70}},"5":{"start":{"line":16,"column":71},"end":{"line":16,"column":90}},"6":{"start":{"line":17,"column":15},"end":{"line":17,"column":57}},"7":{"start":{"line":17,"column":51},"end":{"line":17,"column":55}},"8":{"start":{"line":20,"column":15},"end":{"line":20,"column":26}},"9":{"start":{"line":21,"column":4},"end":{"line":23,"column":78}},"10":{"start":{"line":21,"column":48},"end":{"line":21,"column":56}},"11":{"start":{"line":23,"column":37},"end":{"line":23,"column":46}}},"fnMap":{"0":{"name":"(anonymous_0)","decl":{"start":{"line":13,"column":36},"end":{"line":13,"column":37}},"loc":{"start":{"line":13,"column":51},"end":{"line":25,"column":1}},"line":13},"1":{"name":"(anonymous_1)","decl":{"start":{"line":15,"column":11},"end":{"line":15,"column":12}},"loc":{"start":{"line":15,"column":23},"end":{"line":15,"column":76}},"line":15},"2":{"name":"(anonymous_2)","decl":{"start":{"line":16,"column":11},"end":{"line":16,"column":12}},"loc":{"start":{"line":16,"column":18},"end":{"line":16,"column":92}},"line":16},"3":{"name":"(anonymous_3)","decl":{"start":{"line":17,"column":9},"end":{"line":17,"column":10}},"loc":{"start":{"line":17,"column":15},"end":{"line":17,"column":57}},"line":17},"4":{"name":"(anonymous_4)","decl":{"start":{"line":17,"column":46},"end":{"line":17,"column":47}},"loc":{"start":{"line":17,"column":51},"end":{"line":17,"column":55}},"line":17},"5":{"name":"(anonymous_5)","decl":{"start":{"line":19,"column":14},"end":{"line":19,"column":15}},"loc":{"start":{"line":19,"column":20},"end":{"line":24,"column":3}},"line":19},"6":{"name":"(anonymous_6)","decl":{"start":{"line":21,"column":38},"end":{"line":21,"column":39}},"loc":{"start":{"line":21,"column":48},"end":{"line":21,"column":56}},"line":21},"7":{"name":"(anonymous_7)","decl":{"start":{"line":23,"column":27},"end":{"line":23,"column":28}},"loc":{"start":{"line":23,"column":37},"end":{"line":23,"column":46}},"line":23}},"branchMap":{"0":{"loc":{"start":{"line":15,"column":36},"end":{"line":15,"column":73}},"type":"binary-expr","locations":[{"start":{"line":15,"column":37},"end":{"line":15,"column":56}},{"start":{"line":15,"column":61},"end":{"line":15,"column":73}}],"line":15}},"s":{"0":13,"1":13,"2":6,"3":2,"4":2,"5":2,"6":1,"7":4,"8":1,"9":1,"10":3,"11":3},"f":{"0":13,"1":6,"2":2,"3":1,"4":4,"5":1,"6":3,"7":3},"b":{"0":[6,6]},"_coverageSchema":"1a1c01bbd47fc00a2c39e90264f33305004495a9","hash":"5eac27a308097cdddffb3a3be3675d0b4142755f"}
,"/Users/ian/Projects/spin/src/store/settingsStore.ts": {"path":"/Users/ian/Projects/spin/src/store/settingsStore.ts","statementMap":{"0":{"start":{"line":5,"column":27},"end":{"line":5,"column":80}},"1":{"start":{"line":15,"column":27},"end":{"line":33,"column":3}},"2":{"start":{"line":15,"column":52},"end":{"line":33,"column":1}},"3":{"start":{"line":20,"column":14},"end":{"line":20,"column":34}},"4":{"start":{"line":21,"column":4},"end":{"line":21,"column":88}},"5":{"start":{"line":24,"column":4},"end":{"line":24,"column":22}},"6":{"start":{"line":25,"column":50},"end":{"line":25,"column":55}},"7":{"start":{"line":26,"column":4},"end":{"line":26,"column":56}},"8":{"start":{"line":29,"column":4},"end":{"line":29,"column":30}},"9":{"start":{"line":30,"column":50},"end":{"line":30,"column":55}},"10":{"start":{"line":31,"column":4},"end":{"line":31,"column":56}}},"fnMap":{"0":{"name":"(anonymous_0)","decl":{"start":{"line":15,"column":37},"end":{"line":15,"column":38}},"loc":{"start":{"line":15,"column":52},"end":{"line":33,"column":1}},"line":15},"1":{"name":"(anonymous_1)","decl":{"start":{"line":19,"column":11},"end":{"line":19,"column":12}},"loc":{"start":{"line":19,"column":23},"end":{"line":22,"column":3}},"line":19},"2":{"name":"(anonymous_2)","decl":{"start":{"line":23,"column":12},"end":{"line":23,"column":13}},"loc":{"start":{"line":23,"column":19},"end":{"line":27,"column":3}},"line":23},"3":{"name":"(anonymous_3)","decl":{"start":{"line":28,"column":17},"end":{"line":28,"column":18}},"loc":{"start":{"line":28,"column":25},"end":{"line":32,"column":3}},"line":28}},"branchMap":{},"s":{"0":13,"1":13,"2":13,"3":1,"4":1,"5":2,"6":2,"7":2,"8":4,"9":4,"10":4},"f":{"0":13,"1":1,"2":2,"3":4},"b":{},"_coverageSchema":"1a1c01bbd47fc00a2c39e90264f33305004495a9","hash":"5f7992b72d13db5d2fa58a935643d13354a97fc5"}
,"/Users/ian/Projects/spin/src/ui/text.tsx": {"path":"/Users/ian/Projects/spin/src/ui/text.tsx","statementMap":{"0":{"start":{"line":12,"column":2},"end":{"line":29,"column":3}},"1":{"start":{"line":18,"column":6},"end":{"line":18,"column":44}},"2":{"start":{"line":21,"column":6},"end":{"line":21,"column":39}},"3":{"start":{"line":24,"column":6},"end":{"line":24,"column":43}},"4":{"start":{"line":28,"column":6},"end":{"line":28,"column":41}},"5":{"start":{"line":33,"column":15},"end":{"line":33,"column":65}},"6":{"start":{"line":34,"column":21},"end":{"line":34,"column":54}},"7":{"start":{"line":37,"column":2},"end":{"line":37,"column":77}},"8":{"start":{"line":40,"column":22},"end":{"line":40,"column":43}}},"fnMap":{"0":{"name":"familyForWeight","decl":{"start":{"line":11,"column":9},"end":{"line":11,"column":24}},"loc":{"start":{"line":11,"column":66},"end":{"line":30,"column":1}},"line":11},"1":{"name":"T","decl":{"start":{"line":32,"column":16},"end":{"line":32,"column":17}},"loc":{"start":{"line":32,"column":46},"end":{"line":38,"column":1}},"line":32}},"branchMap":{"0":{"loc":{"start":{"line":12,"column":2},"end":{"line":29,"column":3}},"type":"switch","locations":[{"start":{"line":13,"column":4},"end":{"line":13,"column":15}},{"start":{"line":14,"column":4},"end":{"line":14,"column":13}},{"start":{"line":15,"column":4},"end":{"line":15,"column":15}},{"start":{"line":16,"column":4},"end":{"line":16,"column":13}},{"start":{"line":17,"column":4},"end":{"line":18,"column":44}},{"start":{"line":19,"column":4},"end":{"line":19,"column":15}},{"start":{"line":20,"column":4},"end":{"line":21,"column":39}},{"start":{"line":22,"column":4},"end":{"line":22,"column":15}},{"start":{"line":23,"column":4},"end":{"line":24,"column":43}},{"start":{"line":25,"column":4},"end":{"line":25,"column":15}},{"start":{"line":26,"column":4},"end":{"line":26,"column":13}},{"start":{"line":27,"column":4},"end":{"line":28,"column":41}}],"line":12}},"s":{"0":337,"1":129,"2":111,"3":43,"4":54,"5":337,"6":337,"7":337,"8":10},"f":{"0":337,"1":337},"b":{"0":[129,129,129,129,129,111,111,43,43,0,0,54]},"_coverageSchema":"1a1c01bbd47fc00a2c39e90264f33305004495a9","hash":"a5d870764f60eac90ac59e8a6f1f5e1b68512973"}
,"/Users/ian/Projects/spin/src/ui/tokens.ts": {"path":"/Users/ian/Projects/spin/src/ui/tokens.ts","statementMap":{"0":{"start":{"line":1,"column":22},"end":{"line":5,"column":10}},"1":{"start":{"line":6,"column":21},"end":{"line":6,"column":69}},"2":{"start":{"line":7,"column":20},"end":{"line":10,"column":10}},"3":{"start":{"line":11,"column":22},"end":{"line":11,"column":23}}},"fnMap":{},"branchMap":{},"s":{"0":11,"1":11,"2":11,"3":11},"f":{},"b":{},"_coverageSchema":"1a1c01bbd47fc00a2c39e90264f33305004495a9","hash":"6408b9472a67f4aec3801bb4326cc8719942254d"}
,"/Users/ian/Projects/spin/src/ui/components/MetricColumn.tsx": {"path":"/Users/ian/Projects/spin/src/ui/components/MetricColumn.tsx","statementMap":{"0":{"start":{"line":12,"column":2},"end":{"line":17,"column":4}}},"fnMap":{"0":{"name":"MetricColumn","decl":{"start":{"line":11,"column":16},"end":{"line":11,"column":28}},"loc":{"start":{"line":11,"column":81},"end":{"line":18,"column":1}},"line":11}},"branchMap":{},"s":{"0":16},"f":{"0":16},"b":{},"_coverageSchema":"1a1c01bbd47fc00a2c39e90264f33305004495a9","hash":"201842fd4b4c215cc362f10a4135a180eccd5a6d"}
,"/Users/ian/Projects/spin/src/ui/components/ScreenFrame.tsx": {"path":"/Users/ian/Projects/spin/src/ui/components/ScreenFrame.tsx","statementMap":{"0":{"start":{"line":18,"column":2},"end":{"line":22,"column":4}}},"fnMap":{"0":{"name":"ScreenFrame","decl":{"start":{"line":11,"column":16},"end":{"line":11,"column":27}},"loc":{"start":{"line":17,"column":3},"end":{"line":23,"column":1}},"line":17}},"branchMap":{},"s":{"0":21},"f":{"0":21},"b":{},"_coverageSchema":"1a1c01bbd47fc00a2c39e90264f33305004495a9","hash":"b34673421d3bf93ad6ec74dc1b2f0b4f3fb11451"}
}
