TN:
SF:src/config.ts
FNF:0
FNH:0
DA:3,1
LF:1
LH:1
BRF:0
BRH:0
end_of_record
TN:
SF:src/ble/FtmsBikeSource.ts
FN:8,(anonymous_0)
FN:9,(anonymous_1)
FN:10,(anonymous_2)
FN:36,(anonymous_3)
FN:37,(anonymous_4)
FN:37,(anonymous_5)
FN:38,(anonymous_6)
FN:38,(anonymous_7)
FN:39,(anonymous_8)
FN:39,(anonymous_9)
FN:40,(anonymous_10)
FN:42,(anonymous_11)
FN:45,(anonymous_12)
FN:47,(anonymous_13)
FN:51,(anonymous_14)
FN:54,(anonymous_15)
FN:77,(anonymous_16)
FN:89,(anonymous_17)
FN:100,(anonymous_18)
FN:119,(anonymous_19)
FN:121,(anonymous_20)
FN:125,(anonymous_21)
FNF:22
FNH:20
FNDA:2,(anonymous_0)
FNDA:5,(anonymous_1)
FNDA:2,(anonymous_2)
FNDA:6,(anonymous_3)
FNDA:13,(anonymous_4)
FNDA:3,(anonymous_5)
FNDA:1,(anonymous_6)
FNDA:0,(anonymous_7)
FNDA:1,(anonymous_8)
FNDA:1,(anonymous_9)
FNDA:2,(anonymous_10)
FNDA:2,(anonymous_11)
FNDA:1,(anonymous_12)
FNDA:3,(anonymous_13)
FNDA:1,(anonymous_14)
FNDA:5,(anonymous_15)
FNDA:2,(anonymous_16)
FNDA:2,(anonymous_17)
FNDA:1,(anonymous_18)
FNDA:1,(anonymous_19)
FNDA:0,(anonymous_20)
FNDA:2,(anonymous_21)
DA:8,2
DA:9,5
DA:10,2
DA:16,1
DA:17,1
DA:20,6
DA:21,6
DA:22,6
DA:23,6
DA:24,6
DA:25,6
DA:26,6
DA:28,6
DA:31,6
DA:34,6
DA:36,6
DA:37,13
DA:38,1
DA:39,1
DA:41,2
DA:42,2
DA:46,1
DA:47,1
DA:48,3
DA:49,2
DA:51,1
DA:55,5
DA:56,5
DA:57,5
DA:58,5
DA:59,5
DA:60,5
DA:61,5
DA:62,4
DA:63,4
DA:64,4
DA:66,4
DA:67,4
DA:68,4
DA:70,3
DA:71,1
DA:72,4
DA:76,4
DA:78,2
DA:79,1
DA:80,1
DA:81,1
DA:82,1
DA:83,1
DA:85,1
DA:86,1
DA:89,4
DA:90,2
DA:91,1
DA:94,1
DA:95,1
DA:96,1
DA:97,1
DA:100,4
DA:101,4
DA:105,1
DA:113,1
DA:114,1
DA:115,1
DA:120,1
DA:121,1
DA:122,1
DA:126,2
DA:127,1
LF:69
LH:69
BRDA:48,0,0,1
BRDA:48,0,1,2
BRDA:48,1,0,3
BRDA:48,1,1,2
BRDA:49,2,0,2
BRDA:49,2,1,1
BRDA:49,2,2,1
BRDA:78,3,0,1
BRDA:78,3,1,1
BRDA:78,4,0,2
BRDA:78,4,1,1
BRDA:81,5,0,1
BRDA:81,5,1,0
BRDA:82,6,0,1
BRDA:82,6,1,0
BRDA:83,7,0,1
BRDA:83,7,1,0
BRDA:85,8,0,1
BRDA:85,8,1,0
BRDA:90,9,0,1
BRDA:90,9,1,1
BRDA:90,10,0,2
BRDA:90,10,1,2
BRDA:94,11,0,1
BRDA:94,11,1,0
BRDA:96,12,0,1
BRDA:96,12,1,0
BRDA:108,13,0,1
BRDA:108,13,1,1
BRDA:109,14,0,1
BRDA:109,14,1,1
BRDA:110,15,0,1
BRDA:110,15,1,1
BRDA:111,16,0,1
BRDA:111,16,1,1
BRDA:121,17,0,1
BRDA:121,17,1,0
BRDA:126,18,0,1
BRDA:126,18,1,1
BRDA:126,19,0,2
BRDA:126,19,1,2
BRF:41
BRH:34
end_of_record
TN:
SF:src/ble/SimulatedBikeSource.ts
FN:12,(anonymous_0)
FN:13,(anonymous_1)
FN:13,(anonymous_2)
FN:15,(anonymous_3)
FN:17,(anonymous_4)
FN:18,(anonymous_5)
FN:20,(anonymous_6)
FN:22,(anonymous_7)
FN:24,(anonymous_8)
FN:25,(anonymous_9)
FN:25,(anonymous_10)
FN:26,(anonymous_11)
FN:26,(anonymous_12)
FN:27,(anonymous_13)
FN:28,(anonymous_14)
FN:30,(anonymous_15)
FN:33,(anonymous_16)
FNF:17
FNH:16
FNDA:1,(anonymous_0)
FNDA:30,(anonymous_1)
FNDA:9,(anonymous_2)
FNDA:2,(anonymous_3)
FNDA:2,(anonymous_4)
FNDA:1,(anonymous_5)
FNDA:9,(anonymous_6)
FNDA:76,(anonymous_7)
FNDA:10,(anonymous_8)
FNDA:7,(anonymous_9)
FNDA:6,(anonymous_10)
FNDA:7,(anonymous_11)
FNDA:0,(anonymous_12)
FNDA:3,(anonymous_13)
FNDA:3,(anonymous_14)
FNDA:76,(anonymous_15)
FNDA:75,(anonymous_16)
DA:4,20
DA:5,20
DA:6,20
DA:7,20
DA:8,20
DA:9,20
DA:10,20
DA:12,1
DA:13,30
DA:16,2
DA:17,2
DA:18,2
DA:21,9
DA:22,76
DA:24,10
DA:25,7
DA:26,7
DA:27,3
DA:28,3
DA:31,76
DA:32,76
DA:33,76
LF:22
LH:22
BRDA:10,0,0,20
BRDA:10,0,1,0
BRDA:24,1,0,9
BRDA:24,1,1,1
BRF:4
BRH:3
end_of_record
TN:
SF:src/ble/constants.ts
FNF:0
FNH:0
DA:1,2
DA:6,2
DA:10,2
LF:3
LH:3
BRF:0
BRH:0
end_of_record
TN:
SF:src/ble/ftmsControl.ts
FN:2,(anonymous_0)
FN:3,(anonymous_1)
FNF:2
FNH:2
FNDA:5,(anonymous_0)
FNDA:4,(anonymous_1)
DA:2,5
DA:3,2
DA:4,4
LF:3
LH:3
BRF:0
BRH:0
end_of_record
TN:
SF:src/ble/ftmsParser.ts
FN:3,parseIndoorBikeData
FN:5,(anonymous_1)
FN:6,(anonymous_2)
FN:7,(anonymous_3)
FNF:4
FNH:4
FNDA:8,parseIndoorBikeData
FNDA:26,(anonymous_1)
FNDA:5,(anonymous_2)
FNDA:2,(anonymous_3)
DA:4,8
DA:5,26
DA:6,8
DA:7,8
DA:9,8
DA:10,8
DA:11,8
DA:14,8
DA:16,8
DA:18,8
DA:20,8
DA:22,8
DA:24,8
DA:26,8
DA:28,8
DA:30,8
DA:32,8
LF:17
LH:17
BRDA:6,0,0,2
BRDA:6,0,1,3
BRDA:14,1,0,7
BRDA:14,1,1,1
BRDA:16,2,0,1
BRDA:16,2,1,7
BRDA:18,3,0,4
BRDA:18,3,1,4
BRDA:20,4,0,1
BRDA:20,4,1,7
BRDA:22,5,0,2
BRDA:22,5,1,6
BRDA:24,6,0,2
BRDA:24,6,1,6
BRDA:26,7,0,3
BRDA:26,7,1,5
BRDA:28,8,0,1
BRDA:28,8,1,7
BRDA:30,9,0,2
BRDA:30,9,1,6
BRF:20
BRH:20
end_of_record
TN:
SF:src/engine/formulas.ts
FN:6,(anonymous_0)
FN:7,(anonymous_1)
FN:9,(anonymous_2)
FN:10,(anonymous_3)
FN:11,(anonymous_4)
FN:12,(anonymous_5)
FNF:6
FNH:6
FNDA:126,(anonymous_0)
FNDA:126,(anonymous_1)
FNDA:38,(anonymous_2)
FNDA:4,(anonymous_3)
FNDA:33,(anonymous_4)
FNDA:5,(anonymous_5)
DA:5,14
DA:6,126
DA:7,14
DA:8,126
DA:9,38
DA:10,14
DA:11,33
DA:12,14
LF:8
LH:8
BRDA:9,0,0,6
BRDA:9,0,1,32
BRDA:10,1,0,0
BRDA:10,1,1,4
BRDA:11,2,0,5
BRDA:11,2,1,28
BRDA:12,3,0,1
BRDA:12,3,1,4
BRF:8
BRH:7
end_of_record
TN:
SF:src/engine/programs.ts
FN:26,(anonymous_0)
FN:26,(anonymous_1)
FNF:2
FNH:2
FNDA:4,(anonymous_0)
FNDA:46,(anonymous_1)
DA:4,15
DA:5,15
DA:6,120
DA:7,120
DA:9,15
DA:11,15
DA:26,46
DA:27,15
LF:8
LH:8
BRF:0
BRH:0
end_of_record
TN:
SF:src/engine/records.ts
FN:12,bestKmForProgram
FN:13,(anonymous_1)
FN:13,(anonymous_2)
FN:17,isProgramPB
FN:24,records
FN:27,(anonymous_5)
FN:38,weeklyKm
FN:56,ghostAheadKm
FNF:8
FNH:8
FNDA:16,bestKmForProgram
FNDA:34,(anonymous_1)
FNDA:10,(anonymous_2)
FNDA:3,isProgramPB
FNDA:6,records
FNDA:19,(anonymous_5)
FNDA:2,weeklyKm
FNDA:5,ghostAheadKm
DA:13,34
DA:18,3
DA:25,6
DA:26,19
DA:27,19
DA:30,14
DA:39,2
DA:40,2
DA:41,2
DA:42,7
DA:43,7
DA:44,7
DA:45,7
DA:46,6
DA:48,2
DA:57,5
DA:58,4
DA:59,4
LF:18
LH:18
BRDA:26,0,0,19
BRDA:26,0,1,18
BRDA:38,1,0,0
BRDA:38,2,0,1
BRDA:43,3,0,0
BRDA:43,3,1,7
BRDA:45,4,0,1
BRDA:45,4,1,6
BRDA:45,5,0,7
BRDA:45,5,1,7
BRDA:57,6,0,1
BRDA:57,6,1,4
BRF:12
BRH:10
end_of_record
TN:
SF:src/engine/rideEngine.ts
FN:6,startSession
FN:13,(anonymous_1)
FN:14,(anonymous_2)
FN:16,tick
FN:46,resistanceCue
FN:54,buildSummary
FNF:6
FNH:6
FNDA:16,startSession
FNDA:14,(anonymous_1)
FNDA:4,(anonymous_2)
FNDA:126,tick
FNDA:8,resistanceCue
FNDA:8,buildSummary
DA:7,16
DA:13,14
DA:14,11
DA:17,126
DA:18,125
DA:19,125
DA:20,122
DA:21,122
DA:22,2
DA:23,2
DA:24,1
DA:27,124
DA:28,124
DA:29,124
DA:47,8
DA:48,8
DA:49,5
DA:50,5
DA:51,5
DA:52,4
DA:55,8
DA:56,8
DA:59,8
DA:60,8
DA:61,8
LF:25
LH:25
BRDA:9,0,0,4
BRDA:9,0,1,12
BRDA:13,1,0,7
BRDA:13,1,1,7
BRDA:17,2,0,1
BRDA:17,2,1,125
BRDA:18,3,0,125
BRDA:18,3,1,123
BRDA:19,4,0,122
BRDA:19,4,1,3
BRDA:21,5,0,2
BRDA:21,5,1,120
BRDA:23,6,0,1
BRDA:23,6,1,1
BRDA:28,7,0,124
BRDA:28,7,1,124
BRDA:32,8,0,124
BRDA:32,8,1,124
BRDA:33,9,0,124
BRDA:33,9,1,124
BRDA:34,10,0,124
BRDA:34,10,1,124
BRDA:48,11,0,3
BRDA:48,11,1,5
BRDA:48,12,0,8
BRDA:48,12,1,5
BRDA:51,13,0,1
BRDA:51,13,1,4
BRDA:52,14,0,1
BRDA:52,14,1,3
BRDA:56,15,0,1
BRDA:56,15,1,7
BRDA:62,16,0,3
BRDA:62,16,1,5
BRF:34
BRH:34
end_of_record
TN:
SF:src/navigation/RootNavigator.tsx
FN:31,RootNavigator
FN:32,(anonymous_1)
FN:33,(anonymous_2)
FN:34,(anonymous_3)
FN:39,(anonymous_4)
FN:44,(anonymous_5)
FN:52,(anonymous_6)
FN:54,(anonymous_7)
FN:64,(anonymous_8)
FNF:9
FNH:4
FNDA:3,RootNavigator
FNDA:10,(anonymous_1)
FNDA:10,(anonymous_2)
FNDA:10,(anonymous_3)
FNDA:0,(anonymous_4)
FNDA:0,(anonymous_5)
FNDA:0,(anonymous_6)
FNDA:0,(anonymous_7)
FNDA:0,(anonymous_8)
DA:32,10
DA:33,10
DA:34,10
DA:35,3
DA:38,3
DA:39,0
DA:43,3
DA:44,1
DA:48,2
DA:49,2
DA:63,0
DA:64,0
LF:12
LH:9
BRDA:38,0,0,0
BRDA:38,0,1,3
BRDA:43,1,0,1
BRDA:43,1,1,2
BRDA:48,2,0,2
BRDA:48,2,1,0
BRDA:52,3,0,2
BRDA:52,3,1,2
BRDA:53,4,0,2
BRDA:53,4,1,0
BRDA:54,5,0,2
BRDA:54,5,1,0
BRDA:55,6,0,2
BRDA:55,6,1,0
BRF:14
BRH:9
end_of_record
TN:
SF:src/navigation/TabBar.tsx
FN:23,TabBar
FN:35,(anonymous_1)
FN:36,(anonymous_2)
FNF:3
FNH:2
FNDA:2,TabBar
FNDA:8,(anonymous_1)
FNDA:0,(anonymous_2)
DA:16,1
DA:24,2
DA:36,8
LF:3
LH:3
BRDA:43,0,0,2
BRDA:43,0,1,6
BRF:2
BRH:2
end_of_record
TN:
SF:src/persistence/repository.ts
FN:5,loadSettings
FN:16,(anonymous_1)
FN:17,loadHistory
FN:27,(anonymous_3)
FNF:4
FNH:4
FNDA:4,loadSettings
FNDA:7,(anonymous_1)
FNDA:8,loadHistory
FNDA:3,(anonymous_3)
DA:3,15
DA:4,15
DA:6,4
DA:7,4
DA:8,2
DA:9,2
DA:13,1
DA:16,15
DA:18,8
DA:19,8
DA:20,2
DA:21,2
DA:24,1
DA:27,15
LF:14
LH:14
BRDA:7,0,0,2
BRDA:7,0,1,2
BRDA:19,1,0,6
BRDA:19,1,1,2
BRF:4
BRH:4
end_of_record
TN:
SF:src/screens/ConnectScreen.tsx
FN:19,ConnectScreen
FN:30,(anonymous_1)
FN:39,(anonymous_2)
FN:157,(anonymous_3)
FN:171,(anonymous_4)
FN:195,hud
FNF:6
FNH:6
FNDA:3,ConnectScreen
FNDA:1,(anonymous_1)
FNDA:1,(anonymous_2)
FNDA:1,(anonymous_3)
FNDA:2,(anonymous_4)
FNDA:12,hud
DA:11,2
DA:26,3
DA:27,3
DA:28,3
DA:30,3
DA:31,1
DA:32,1
DA:36,3
DA:37,3
DA:38,3
DA:39,3
DA:40,1
DA:43,1
DA:46,1
DA:54,3
DA:55,3
DA:56,3
DA:57,3
DA:59,3
DA:61,3
DA:158,1
DA:159,1
DA:160,1
DA:161,1
DA:162,1
DA:163,1
DA:164,1
DA:166,0
DA:168,1
DA:171,2
DA:196,12
DA:197,12
DA:203,12
LF:33
LH:32
BRDA:65,0,0,2
BRDA:65,0,1,1
BRDA:66,1,0,2
BRDA:66,1,1,1
BRDA:67,2,0,2
BRDA:67,2,1,1
BRDA:117,3,0,2
BRDA:117,3,1,1
BRDA:118,4,0,2
BRDA:118,4,1,1
BRDA:121,5,0,2
BRDA:121,5,1,1
BRDA:122,6,0,2
BRDA:122,6,1,1
BRDA:123,7,0,2
BRDA:123,7,1,1
BRDA:129,8,0,2
BRDA:129,8,1,1
BRDA:129,9,0,2
BRDA:129,9,1,1
BRDA:131,10,0,2
BRDA:131,10,1,1
BRDA:137,11,0,2
BRDA:137,11,1,1
BRDA:138,12,0,2
BRDA:138,12,1,1
BRDA:140,13,0,3
BRDA:140,13,1,2
BRDA:148,14,0,3
BRDA:148,14,1,0
BRDA:156,15,0,3
BRDA:156,15,1,2
BRDA:158,16,0,0
BRDA:158,16,1,1
BRDA:166,17,0,0
BRDA:166,17,1,0
BRDA:172,18,0,1
BRDA:172,18,1,1
BRDA:174,19,0,0
BRDA:174,19,1,2
BRDA:175,20,0,0
BRDA:175,20,1,2
BRDA:181,21,0,2
BRDA:181,21,1,1
BRDA:187,22,0,0
BRDA:187,22,1,3
BRDA:187,23,0,2
BRDA:187,23,1,1
BRDA:195,24,0,9
BRF:49
BRH:42
end_of_record
TN:
SF:src/screens/HomeScreen.tsx
FN:24,HomeScreen
FN:25,(anonymous_1)
FN:26,(anonymous_2)
FN:35,(anonymous_3)
FN:39,(anonymous_4)
FN:72,(anonymous_5)
FN:88,(anonymous_6)
FN:91,(anonymous_7)
FNF:8
FNH:7
FNDA:3,HomeScreen
FNDA:9,(anonymous_1)
FNDA:9,(anonymous_2)
FNDA:0,(anonymous_3)
FNDA:1,(anonymous_4)
FNDA:3,(anonymous_5)
FNDA:6,(anonymous_6)
FNDA:1,(anonymous_7)
DA:15,2
DA:25,9
DA:26,9
DA:28,3
DA:29,3
DA:31,3
DA:35,3
DA:36,0
DA:37,0
DA:39,3
DA:40,1
DA:41,1
DA:44,3
DA:46,3
DA:72,3
DA:89,6
DA:91,1
LF:17
LH:15
BRDA:29,0,0,0
BRDA:29,0,1,3
BRDA:29,1,0,0
BRDA:29,1,1,3
BRDA:31,2,0,1
BRDA:31,2,1,2
BRDA:75,3,0,0
BRDA:75,3,1,3
BRDA:95,4,0,3
BRDA:95,4,1,3
BRF:10
BRH:7
end_of_record
TN:
SF:src/screens/LiveRideScreen.tsx
FN:19,fmt
FN:32,LiveRideScreen
FN:33,(anonymous_2)
FN:34,(anonymous_3)
FN:35,(anonymous_4)
FN:36,(anonymous_5)
FN:42,(anonymous_6)
FN:66,(anonymous_7)
FN:66,(anonymous_8)
FN:97,(anonymous_9)
FN:186,(anonymous_10)
FNF:11
FNH:9
FNDA:13,fmt
FNDA:6,LiveRideScreen
FNDA:27,(anonymous_2)
FNDA:27,(anonymous_3)
FNDA:18,(anonymous_4)
FNDA:18,(anonymous_5)
FNDA:36,(anonymous_6)
FNDA:6,(anonymous_7)
FNDA:0,(anonymous_8)
FNDA:36,(anonymous_9)
FNDA:0,(anonymous_10)
DA:16,5
DA:20,13
DA:21,13
DA:22,13
DA:33,27
DA:34,27
DA:35,18
DA:36,18
DA:38,6
DA:40,4
DA:41,4
DA:42,36
DA:44,4
DA:47,4
DA:49,4
DA:50,4
DA:51,4
DA:53,4
DA:54,4
DA:55,4
DA:56,4
DA:57,4
DA:58,4
DA:59,4
DA:62,4
DA:63,4
DA:64,2
DA:65,2
DA:66,6
DA:67,2
DA:68,2
DA:76,4
DA:98,36
DA:187,0
DA:188,0
LF:35
LH:33
BRDA:38,0,0,2
BRDA:38,0,1,4
BRDA:42,1,0,2
BRDA:42,1,1,2
BRDA:44,2,0,2
BRDA:44,2,1,2
BRDA:47,3,0,2
BRDA:47,3,1,2
BRDA:49,4,0,4
BRDA:49,4,1,2
BRDA:49,4,2,2
BRDA:49,4,3,2
BRDA:50,5,0,2
BRDA:50,5,1,2
BRDA:51,6,0,2
BRDA:51,6,1,2
BRDA:54,7,0,2
BRDA:54,7,1,2
BRDA:59,8,0,1
BRDA:59,8,1,3
BRDA:63,9,0,2
BRDA:63,9,1,2
BRDA:65,10,0,2
BRDA:65,10,1,0
BRDA:66,11,0,0
BRDA:66,11,1,0
BRDA:71,12,0,2
BRDA:71,12,1,0
BRDA:94,13,0,4
BRDA:94,13,1,2
BRDA:94,13,2,2
BRDA:102,14,0,0
BRDA:102,14,1,36
BRDA:102,15,0,2
BRDA:102,15,1,34
BRDA:113,16,0,2
BRDA:113,16,1,0
BRDA:114,17,0,2
BRDA:114,17,1,0
BRDA:120,18,0,4
BRDA:120,18,1,2
BRDA:126,19,0,2
BRDA:126,19,1,0
BRDA:127,20,0,2
BRDA:127,20,1,0
BRDA:127,21,0,2
BRDA:127,21,1,0
BRDA:139,22,0,4
BRDA:139,22,1,1
BRDA:158,23,0,4
BRDA:158,23,1,2
BRDA:158,24,0,0
BRDA:158,24,1,2
BRDA:165,25,0,0
BRDA:165,25,1,2
BRF:55
BRH:43
end_of_record
TN:
SF:src/screens/ProfileScreen.tsx
FN:24,ProfileScreen
FN:25,(anonymous_1)
FN:26,(anonymous_2)
FN:27,(anonymous_3)
FN:29,(anonymous_4)
FN:39,(anonymous_5)
FN:115,Rec
FN:126,Row
FNF:8
FNH:8
FNDA:4,ProfileScreen
FNDA:12,(anonymous_1)
FNDA:14,(anonymous_2)
FNDA:14,(anonymous_3)
FNDA:12,(anonymous_4)
FNDA:2,(anonymous_5)
FNDA:12,Rec
FNDA:12,Row
DA:14,2
DA:15,2
DA:16,2
DA:25,12
DA:26,14
DA:27,14
DA:29,12
DA:30,4
DA:31,4
DA:32,4
DA:33,4
DA:34,4
DA:36,4
DA:37,4
DA:39,4
DA:40,4
DA:42,4
DA:116,12
DA:127,12
LF:19
LH:19
BRDA:34,0,0,1
BRDA:34,0,1,3
BRDA:37,1,0,4
BRDA:37,1,1,0
BRDA:39,2,0,1
BRDA:39,2,1,1
BRDA:90,3,0,0
BRDA:90,3,1,4
BRDA:117,4,0,8
BRDA:117,4,1,4
BRDA:130,5,0,4
BRDA:130,5,1,8
BRF:12
BRH:10
end_of_record
TN:
SF:src/screens/ProgramsScreen.tsx
FN:26,ProgramsScreen
FN:27,(anonymous_1)
FN:41,(anonymous_2)
FN:61,(anonymous_3)
FN:62,(anonymous_4)
FNF:5
FNH:5
FNDA:1,ProgramsScreen
FNDA:1,(anonymous_1)
FNDA:3,(anonymous_2)
FNDA:1,(anonymous_3)
FNDA:3,(anonymous_4)
DA:13,2
DA:18,2
DA:27,1
DA:28,1
DA:29,1
DA:32,1
DA:42,3
DA:43,3
DA:61,1
DA:62,3
LF:10
LH:10
BRDA:45,0,0,3
BRDA:45,0,1,0
BRDA:66,1,0,0
BRDA:66,1,1,3
BRF:4
BRH:2
end_of_record
TN:
SF:src/screens/RidesScreen.tsx
FN:17,RidesScreen
FN:18,(anonymous_1)
FN:19,(anonymous_2)
FN:20,(anonymous_3)
FN:42,(anonymous_4)
FN:72,(anonymous_5)
FN:106,Tile
FNF:7
FNH:7
FNDA:1,RidesScreen
FNDA:3,(anonymous_1)
FNDA:3,(anonymous_2)
FNDA:3,(anonymous_3)
FNDA:6,(anonymous_4)
FNDA:3,(anonymous_5)
FNDA:3,Tile
DA:18,3
DA:19,3
DA:20,3
DA:22,1
DA:23,1
DA:24,1
DA:25,1
DA:27,1
DA:28,1
DA:29,1
DA:31,1
DA:43,6
DA:44,6
DA:73,3
DA:74,3
DA:107,3
LF:16
LH:16
BRDA:50,0,0,1
BRDA:50,0,1,5
BRDA:53,1,0,1
BRDA:53,1,1,5
BRDA:54,2,0,1
BRDA:54,2,1,5
BRDA:85,3,0,3
BRDA:85,3,1,3
BRDA:108,4,0,2
BRDA:108,4,1,1
BRDA:108,5,0,2
BRDA:108,5,1,1
BRDA:110,6,0,1
BRDA:110,6,1,2
BRF:14
BRH:14
end_of_record
TN:
SF:src/screens/SummaryScreen.tsx
FN:33,SummaryScreen
FN:34,(anonymous_1)
FN:35,(anonymous_2)
FN:43,(anonymous_3)
FN:69,(anonymous_4)
FN:112,(anonymous_5)
FN:123,Stat
FNF:7
FNH:6
FNDA:4,SummaryScreen
FNDA:13,(anonymous_1)
FNDA:12,(anonymous_2)
FNDA:1,(anonymous_3)
FNDA:21,(anonymous_4)
FNDA:0,(anonymous_5)
FNDA:9,Stat
DA:15,3
DA:17,3
DA:34,13
DA:35,12
DA:37,4
DA:39,3
DA:40,3
DA:41,3
DA:43,3
DA:44,1
DA:53,1
DA:54,1
DA:55,1
DA:58,3
DA:70,21
DA:124,9
LF:16
LH:16
BRDA:37,0,0,1
BRDA:37,0,1,3
BRDA:40,1,0,3
BRDA:40,1,1,2
BRDA:40,1,2,1
BRDA:41,2,0,1
BRDA:41,2,1,2
BRDA:77,3,0,3
BRDA:77,3,1,2
BRDA:91,4,0,3
BRDA:91,4,1,1
BRDA:125,5,0,6
BRDA:125,5,1,3
BRF:13
BRH:13
end_of_record
TN:
SF:src/store/bikeStore.ts
FN:25,setResistanceLevel
FN:34,(anonymous_1)
FN:38,(anonymous_2)
FN:41,(anonymous_3)
FN:41,(anonymous_4)
FN:42,(anonymous_5)
FN:52,(anonymous_6)
FN:55,(anonymous_7)
FN:59,(anonymous_8)
FN:77,(anonymous_9)
FN:83,(anonymous_10)
FN:83,(anonymous_11)
FN:84,(anonymous_12)
FN:85,(anonymous_13)
FN:86,(anonymous_14)
FNF:15
FNH:14
FNDA:3,setResistanceLevel
FNDA:0,(anonymous_1)
FNDA:10,(anonymous_2)
FNDA:9,(anonymous_3)
FNDA:9,(anonymous_4)
FNDA:2,(anonymous_5)
FNDA:8,(anonymous_6)
FNDA:72,(anonymous_7)
FNDA:2,(anonymous_8)
FNDA:8,(anonymous_9)
FNDA:3,(anonymous_10)
FNDA:3,(anonymous_11)
FNDA:2,(anonymous_12)
FNDA:1,(anonymous_13)
FNDA:2,(anonymous_14)
DA:26,3
DA:27,3
DA:28,3
DA:31,3
DA:32,3
DA:33,3
DA:34,1
DA:38,10
DA:41,9
DA:43,2
DA:44,2
DA:45,1
DA:47,1
DA:53,8
DA:54,8
DA:55,72
DA:58,8
DA:59,8
DA:60,2
DA:66,2
DA:67,2
DA:68,2
DA:69,2
DA:71,2
DA:72,2
DA:73,2
DA:75,8
DA:78,8
DA:79,7
DA:80,7
DA:81,7
DA:83,3
DA:84,2
DA:85,1
DA:86,2
LF:35
LH:35
BRDA:27,0,0,0
BRDA:27,0,1,3
BRDA:28,1,0,2
BRDA:28,1,1,1
BRDA:33,2,0,1
BRDA:33,2,1,2
BRDA:33,3,0,3
BRDA:33,3,1,1
BRDA:44,4,0,1
BRDA:44,4,1,1
BRDA:53,5,0,1
BRDA:53,5,1,7
BRDA:60,6,0,0
BRDA:60,6,1,2
BRDA:66,7,0,2
BRDA:66,7,1,0
BRDA:66,8,0,2
BRDA:66,8,1,2
BRDA:68,9,0,0
BRDA:68,9,1,2
BRDA:73,10,0,0
BRDA:73,10,1,2
BRDA:78,11,0,1
BRDA:78,11,1,7
BRDA:78,12,0,8
BRDA:78,12,1,1
BRDA:79,13,0,7
BRDA:79,13,1,0
BRDA:80,14,0,7
BRDA:80,14,1,0
BRDA:83,15,0,3
BRDA:83,15,1,0
BRF:32
BRH:24
end_of_record
TN:
SF:src/store/historyStore.ts
FN:13,(anonymous_0)
FN:15,(anonymous_1)
FN:16,(anonymous_2)
FN:17,(anonymous_3)
FN:17,(anonymous_4)
FN:19,(anonymous_5)
FN:21,(anonymous_6)
FN:23,(anonymous_7)
FNF:8
FNH:8
FNDA:13,(anonymous_0)
FNDA:6,(anonymous_1)
FNDA:2,(anonymous_2)
FNDA:1,(anonymous_3)
FNDA:4,(anonymous_4)
FNDA:1,(anonymous_5)
FNDA:3,(anonymous_6)
FNDA:3,(anonymous_7)
DA:13,13
DA:15,6
DA:16,2
DA:17,4
DA:20,1
DA:21,3
DA:23,3
LF:7
LH:7
BRDA:15,0,0,6
BRDA:15,0,1,6
BRF:2
BRH:2
end_of_record
TN:
SF:src/store/settingsStore.ts
FN:15,(anonymous_0)
FN:19,(anonymous_1)
FN:23,(anonymous_2)
FN:28,(anonymous_3)
FNF:4
FNH:4
FNDA:13,(anonymous_0)
FNDA:1,(anonymous_1)
FNDA:2,(anonymous_2)
FNDA:4,(anonymous_3)
DA:5,13
DA:15,13
DA:20,1
DA:21,1
DA:24,2
DA:25,2
DA:26,2
DA:29,4
DA:30,4
DA:31,4
LF:10
LH:10
BRF:0
BRH:0
end_of_record
TN:
SF:src/ui/text.tsx
FN:11,familyForWeight
FN:32,T
FNF:2
FNH:2
FNDA:337,familyForWeight
FNDA:337,T
DA:12,337
DA:18,129
DA:21,111
DA:24,43
DA:28,54
DA:33,337
DA:34,337
DA:37,337
DA:40,10
LF:9
LH:9
BRDA:12,0,0,129
BRDA:12,0,1,129
BRDA:12,0,2,129
BRDA:12,0,3,129
BRDA:12,0,4,129
BRDA:12,0,5,111
BRDA:12,0,6,111
BRDA:12,0,7,43
BRDA:12,0,8,43
BRDA:12,0,9,0
BRDA:12,0,10,0
BRDA:12,0,11,54
BRF:12
BRH:10
end_of_record
TN:
SF:src/ui/tokens.ts
FNF:0
FNH:0
DA:1,11
DA:6,11
DA:7,11
DA:11,11
LF:4
LH:4
BRF:0
BRH:0
end_of_record
TN:
SF:src/ui/components/MetricColumn.tsx
FN:11,MetricColumn
FNF:1
FNH:1
FNDA:16,MetricColumn
DA:12,16
LF:1
LH:1
BRF:0
BRH:0
end_of_record
TN:
SF:src/ui/components/ScreenFrame.tsx
FN:11,ScreenFrame
FNF:1
FNH:1
FNDA:21,ScreenFrame
DA:18,21
LF:1
LH:1
BRF:0
BRH:0
end_of_record
